ERROR - 2025-11-29 13:35:49 --> mysqli_sql_exception: Table 'lms_ramas.materials' doesn't exist in C:\xampp\htdocs\ITE311-RAMAS\system\Database\MySQLi\Connection.php:327
Stack trace:
#0 C:\xampp\htdocs\ITE311-RAMAS\system\Database\MySQLi\Connection.php(327): mysqli->query('SELECT *\nFROM `...', 0)
#1 C:\xampp\htdocs\ITE311-RAMAS\system\Database\BaseConnection.php(729): CodeIgniter\Database\MySQLi\Connection->execute('SELECT *\nFROM `...')
#2 C:\xampp\htdocs\ITE311-RAMAS\system\Database\BaseConnection.php(646): CodeIgniter\Database\BaseConnection->simpleQuery('SELECT *\nFROM `...')
#3 C:\xampp\htdocs\ITE311-RAMAS\system\Database\BaseBuilder.php(1649): CodeIgniter\Database\BaseConnection->query('SELECT *\nFROM `...', Array, false)
#4 C:\xampp\htdocs\ITE311-RAMAS\system\Model.php(286): CodeIgniter\Database\BaseBuilder->get()
#5 C:\xampp\htdocs\ITE311-RAMAS\system\BaseModel.php(677): CodeIgniter\Model->doFindAll(0, 0)
#6 C:\xampp\htdocs\ITE311-RAMAS\app\Models\MaterialModel.php(48): CodeIgniter\BaseModel->findAll()
#7 C:\xampp\htdocs\ITE311-RAMAS\app\Controllers\Materials.php(103): App\Models\MaterialModel->getMaterialsByCourse(9)
#8 C:\xampp\htdocs\ITE311-RAMAS\system\CodeIgniter.php(933): App\Controllers\Materials->upload()
#9 C:\xampp\htdocs\ITE311-RAMAS\system\CodeIgniter.php(507): CodeIgniter\CodeIgniter->runController(Object(App\Controllers\Materials))
#10 C:\xampp\htdocs\ITE311-RAMAS\system\CodeIgniter.php(354): CodeIgniter\CodeIgniter->handleRequest(NULL, Object(Config\Cache), false)
#11 C:\xampp\htdocs\ITE311-RAMAS\system\Boot.php(363): CodeIgniter\CodeIgniter->run()
#12 C:\xampp\htdocs\ITE311-RAMAS\system\Boot.php(68): CodeIgniter\Boot::runCodeIgniter(Object(CodeIgniter\CodeIgniter))
#13 C:\xampp\htdocs\ITE311-RAMAS\index.php(58): CodeIgniter\Boot::bootWeb(Object(Config\Paths))
#14 {main}
CRITICAL - 2025-11-29 13:35:49 --> Error: Call to a member function getResult() on bool
[Method: POST, Route: instructor/course/upload]
in SYSTEMPATH\Model.php on line 287.
 1 SYSTEMPATH\BaseModel.php(677): CodeIgniter\Model->doFindAll(0, 0)
 2 APPPATH\Models\MaterialModel.php(48): CodeIgniter\BaseModel->findAll()
 3 APPPATH\Controllers\Materials.php(103): App\Models\MaterialModel->getMaterialsByCourse(9)
 4 SYSTEMPATH\CodeIgniter.php(933): App\Controllers\Materials->upload()
 5 SYSTEMPATH\CodeIgniter.php(507): CodeIgniter\CodeIgniter->runController(Object(App\Controllers\Materials))
 6 SYSTEMPATH\CodeIgniter.php(354): CodeIgniter\CodeIgniter->handleRequest(null, Object(Config\Cache), false)
 7 SYSTEMPATH\Boot.php(363): CodeIgniter\CodeIgniter->run()
 8 SYSTEMPATH\Boot.php(68): CodeIgniter\Boot::runCodeIgniter(Object(CodeIgniter\CodeIgniter))
 9 FCPATH\index.php(58): CodeIgniter\Boot::bootWeb(Object(Config\Paths))
ERROR - 2025-11-29 13:38:08 --> mysqli_sql_exception: Table 'lms_ramas.materials' doesn't exist in C:\xampp\htdocs\ITE311-RAMAS\system\Database\MySQLi\Connection.php:327
Stack trace:
#0 C:\xampp\htdocs\ITE311-RAMAS\system\Database\MySQLi\Connection.php(327): mysqli->query('SELECT *\nFROM `...', 0)
#1 C:\xampp\htdocs\ITE311-RAMAS\system\Database\BaseConnection.php(729): CodeIgniter\Database\MySQLi\Connection->execute('SELECT *\nFROM `...')
#2 C:\xampp\htdocs\ITE311-RAMAS\system\Database\BaseConnection.php(646): CodeIgniter\Database\BaseConnection->simpleQuery('SELECT *\nFROM `...')
#3 C:\xampp\htdocs\ITE311-RAMAS\system\Database\BaseBuilder.php(1649): CodeIgniter\Database\BaseConnection->query('SELECT *\nFROM `...', Array, false)
#4 C:\xampp\htdocs\ITE311-RAMAS\system\Model.php(286): CodeIgniter\Database\BaseBuilder->get()
#5 C:\xampp\htdocs\ITE311-RAMAS\system\BaseModel.php(677): CodeIgniter\Model->doFindAll(0, 0)
#6 C:\xampp\htdocs\ITE311-RAMAS\app\Models\MaterialModel.php(48): CodeIgniter\BaseModel->findAll()
#7 C:\xampp\htdocs\ITE311-RAMAS\app\Controllers\Materials.php(103): App\Models\MaterialModel->getMaterialsByCourse(9)
#8 C:\xampp\htdocs\ITE311-RAMAS\system\CodeIgniter.php(933): App\Controllers\Materials->upload()
#9 C:\xampp\htdocs\ITE311-RAMAS\system\CodeIgniter.php(507): CodeIgniter\CodeIgniter->runController(Object(App\Controllers\Materials))
#10 C:\xampp\htdocs\ITE311-RAMAS\system\CodeIgniter.php(354): CodeIgniter\CodeIgniter->handleRequest(NULL, Object(Config\Cache), false)
#11 C:\xampp\htdocs\ITE311-RAMAS\system\Boot.php(363): CodeIgniter\CodeIgniter->run()
#12 C:\xampp\htdocs\ITE311-RAMAS\system\Boot.php(68): CodeIgniter\Boot::runCodeIgniter(Object(CodeIgniter\CodeIgniter))
#13 C:\xampp\htdocs\ITE311-RAMAS\index.php(58): CodeIgniter\Boot::bootWeb(Object(Config\Paths))
#14 {main}
CRITICAL - 2025-11-29 13:38:08 --> Error: Call to a member function getResult() on bool
[Method: POST, Route: instructor/course/upload]
in SYSTEMPATH\Model.php on line 287.
 1 SYSTEMPATH\BaseModel.php(677): CodeIgniter\Model->doFindAll(0, 0)
 2 APPPATH\Models\MaterialModel.php(48): CodeIgniter\BaseModel->findAll()
 3 APPPATH\Controllers\Materials.php(103): App\Models\MaterialModel->getMaterialsByCourse(9)
 4 SYSTEMPATH\CodeIgniter.php(933): App\Controllers\Materials->upload()
 5 SYSTEMPATH\CodeIgniter.php(507): CodeIgniter\CodeIgniter->runController(Object(App\Controllers\Materials))
 6 SYSTEMPATH\CodeIgniter.php(354): CodeIgniter\CodeIgniter->handleRequest(null, Object(Config\Cache), false)
 7 SYSTEMPATH\Boot.php(363): CodeIgniter\CodeIgniter->run()
 8 SYSTEMPATH\Boot.php(68): CodeIgniter\Boot::runCodeIgniter(Object(CodeIgniter\CodeIgniter))
 9 FCPATH\index.php(58): CodeIgniter\Boot::bootWeb(Object(Config\Paths))
ERROR - 2025-11-29 13:44:49 --> mysqli_sql_exception: Table 'lms_ramas.materials' doesn't exist in C:\xampp\htdocs\ITE311-RAMAS\system\Database\MySQLi\Connection.php:327
Stack trace:
#0 C:\xampp\htdocs\ITE311-RAMAS\system\Database\MySQLi\Connection.php(327): mysqli->query('SELECT *\nFROM `...', 0)
#1 C:\xampp\htdocs\ITE311-RAMAS\system\Database\BaseConnection.php(729): CodeIgniter\Database\MySQLi\Connection->execute('SELECT *\nFROM `...')
#2 C:\xampp\htdocs\ITE311-RAMAS\system\Database\BaseConnection.php(646): CodeIgniter\Database\BaseConnection->simpleQuery('SELECT *\nFROM `...')
#3 C:\xampp\htdocs\ITE311-RAMAS\system\Database\BaseBuilder.php(1649): CodeIgniter\Database\BaseConnection->query('SELECT *\nFROM `...', Array, false)
#4 C:\xampp\htdocs\ITE311-RAMAS\system\Model.php(286): CodeIgniter\Database\BaseBuilder->get()
#5 C:\xampp\htdocs\ITE311-RAMAS\system\BaseModel.php(677): CodeIgniter\Model->doFindAll(0, 0)
#6 C:\xampp\htdocs\ITE311-RAMAS\app\Models\MaterialModel.php(48): CodeIgniter\BaseModel->findAll()
#7 C:\xampp\htdocs\ITE311-RAMAS\app\Controllers\Materials.php(103): App\Models\MaterialModel->getMaterialsByCourse(9)
#8 C:\xampp\htdocs\ITE311-RAMAS\system\CodeIgniter.php(933): App\Controllers\Materials->upload()
#9 C:\xampp\htdocs\ITE311-RAMAS\system\CodeIgniter.php(507): CodeIgniter\CodeIgniter->runController(Object(App\Controllers\Materials))
#10 C:\xampp\htdocs\ITE311-RAMAS\system\CodeIgniter.php(354): CodeIgniter\CodeIgniter->handleRequest(NULL, Object(Config\Cache), false)
#11 C:\xampp\htdocs\ITE311-RAMAS\system\Boot.php(363): CodeIgniter\CodeIgniter->run()
#12 C:\xampp\htdocs\ITE311-RAMAS\system\Boot.php(68): CodeIgniter\Boot::runCodeIgniter(Object(CodeIgniter\CodeIgniter))
#13 C:\xampp\htdocs\ITE311-RAMAS\index.php(58): CodeIgniter\Boot::bootWeb(Object(Config\Paths))
#14 {main}
CRITICAL - 2025-11-29 13:44:49 --> Error: Call to a member function getResult() on bool
[Method: POST, Route: instructor/course/upload]
in SYSTEMPATH\Model.php on line 287.
 1 SYSTEMPATH\BaseModel.php(677): CodeIgniter\Model->doFindAll(0, 0)
 2 APPPATH\Models\MaterialModel.php(48): CodeIgniter\BaseModel->findAll()
 3 APPPATH\Controllers\Materials.php(103): App\Models\MaterialModel->getMaterialsByCourse(9)
 4 SYSTEMPATH\CodeIgniter.php(933): App\Controllers\Materials->upload()
 5 SYSTEMPATH\CodeIgniter.php(507): CodeIgniter\CodeIgniter->runController(Object(App\Controllers\Materials))
 6 SYSTEMPATH\CodeIgniter.php(354): CodeIgniter\CodeIgniter->handleRequest(null, Object(Config\Cache), false)
 7 SYSTEMPATH\Boot.php(363): CodeIgniter\CodeIgniter->run()
 8 SYSTEMPATH\Boot.php(68): CodeIgniter\Boot::runCodeIgniter(Object(CodeIgniter\CodeIgniter))
 9 FCPATH\index.php(58): CodeIgniter\Boot::bootWeb(Object(Config\Paths))
ERROR - 2025-11-29 13:44:52 --> mysqli_sql_exception: Table 'lms_ramas.materials' doesn't exist in C:\xampp\htdocs\ITE311-RAMAS\system\Database\MySQLi\Connection.php:327
Stack trace:
#0 C:\xampp\htdocs\ITE311-RAMAS\system\Database\MySQLi\Connection.php(327): mysqli->query('SELECT *\nFROM `...', 0)
#1 C:\xampp\htdocs\ITE311-RAMAS\system\Database\BaseConnection.php(729): CodeIgniter\Database\MySQLi\Connection->execute('SELECT *\nFROM `...')
#2 C:\xampp\htdocs\ITE311-RAMAS\system\Database\BaseConnection.php(646): CodeIgniter\Database\BaseConnection->simpleQuery('SELECT *\nFROM `...')
#3 C:\xampp\htdocs\ITE311-RAMAS\system\Database\BaseBuilder.php(1649): CodeIgniter\Database\BaseConnection->query('SELECT *\nFROM `...', Array, false)
#4 C:\xampp\htdocs\ITE311-RAMAS\system\Model.php(286): CodeIgniter\Database\BaseBuilder->get()
#5 C:\xampp\htdocs\ITE311-RAMAS\system\BaseModel.php(677): CodeIgniter\Model->doFindAll(0, 0)
#6 C:\xampp\htdocs\ITE311-RAMAS\app\Models\MaterialModel.php(48): CodeIgniter\BaseModel->findAll()
#7 C:\xampp\htdocs\ITE311-RAMAS\app\Controllers\Materials.php(103): App\Models\MaterialModel->getMaterialsByCourse(9)
#8 C:\xampp\htdocs\ITE311-RAMAS\system\CodeIgniter.php(933): App\Controllers\Materials->upload()
#9 C:\xampp\htdocs\ITE311-RAMAS\system\CodeIgniter.php(507): CodeIgniter\CodeIgniter->runController(Object(App\Controllers\Materials))
#10 C:\xampp\htdocs\ITE311-RAMAS\system\CodeIgniter.php(354): CodeIgniter\CodeIgniter->handleRequest(NULL, Object(Config\Cache), false)
#11 C:\xampp\htdocs\ITE311-RAMAS\system\Boot.php(363): CodeIgniter\CodeIgniter->run()
#12 C:\xampp\htdocs\ITE311-RAMAS\system\Boot.php(68): CodeIgniter\Boot::runCodeIgniter(Object(CodeIgniter\CodeIgniter))
#13 C:\xampp\htdocs\ITE311-RAMAS\index.php(58): CodeIgniter\Boot::bootWeb(Object(Config\Paths))
#14 {main}
CRITICAL - 2025-11-29 13:44:52 --> Error: Call to a member function getResult() on bool
[Method: POST, Route: instructor/course/upload]
in SYSTEMPATH\Model.php on line 287.
 1 SYSTEMPATH\BaseModel.php(677): CodeIgniter\Model->doFindAll(0, 0)
 2 APPPATH\Models\MaterialModel.php(48): CodeIgniter\BaseModel->findAll()
 3 APPPATH\Controllers\Materials.php(103): App\Models\MaterialModel->getMaterialsByCourse(9)
 4 SYSTEMPATH\CodeIgniter.php(933): App\Controllers\Materials->upload()
 5 SYSTEMPATH\CodeIgniter.php(507): CodeIgniter\CodeIgniter->runController(Object(App\Controllers\Materials))
 6 SYSTEMPATH\CodeIgniter.php(354): CodeIgniter\CodeIgniter->handleRequest(null, Object(Config\Cache), false)
 7 SYSTEMPATH\Boot.php(363): CodeIgniter\CodeIgniter->run()
 8 SYSTEMPATH\Boot.php(68): CodeIgniter\Boot::runCodeIgniter(Object(CodeIgniter\CodeIgniter))
 9 FCPATH\index.php(58): CodeIgniter\Boot::bootWeb(Object(Config\Paths))
ERROR - 2025-11-29 13:48:35 --> mysqli_sql_exception: Table 'lms_ramas.materials' doesn't exist in C:\xampp\htdocs\ITE311-RAMAS\system\Database\MySQLi\Connection.php:327
Stack trace:
#0 C:\xampp\htdocs\ITE311-RAMAS\system\Database\MySQLi\Connection.php(327): mysqli->query('SELECT *\nFROM `...', 0)
#1 C:\xampp\htdocs\ITE311-RAMAS\system\Database\BaseConnection.php(729): CodeIgniter\Database\MySQLi\Connection->execute('SELECT *\nFROM `...')
#2 C:\xampp\htdocs\ITE311-RAMAS\system\Database\BaseConnection.php(646): CodeIgniter\Database\BaseConnection->simpleQuery('SELECT *\nFROM `...')
#3 C:\xampp\htdocs\ITE311-RAMAS\system\Database\BaseBuilder.php(1649): CodeIgniter\Database\BaseConnection->query('SELECT *\nFROM `...', Array, false)
#4 C:\xampp\htdocs\ITE311-RAMAS\system\Model.php(286): CodeIgniter\Database\BaseBuilder->get()
#5 C:\xampp\htdocs\ITE311-RAMAS\system\BaseModel.php(677): CodeIgniter\Model->doFindAll(0, 0)
#6 C:\xampp\htdocs\ITE311-RAMAS\app\Models\MaterialModel.php(48): CodeIgniter\BaseModel->findAll()
#7 C:\xampp\htdocs\ITE311-RAMAS\app\Controllers\Materials.php(103): App\Models\MaterialModel->getMaterialsByCourse(9)
#8 C:\xampp\htdocs\ITE311-RAMAS\system\CodeIgniter.php(933): App\Controllers\Materials->upload()
#9 C:\xampp\htdocs\ITE311-RAMAS\system\CodeIgniter.php(507): CodeIgniter\CodeIgniter->runController(Object(App\Controllers\Materials))
#10 C:\xampp\htdocs\ITE311-RAMAS\system\CodeIgniter.php(354): CodeIgniter\CodeIgniter->handleRequest(NULL, Object(Config\Cache), false)
#11 C:\xampp\htdocs\ITE311-RAMAS\system\Boot.php(363): CodeIgniter\CodeIgniter->run()
#12 C:\xampp\htdocs\ITE311-RAMAS\system\Boot.php(68): CodeIgniter\Boot::runCodeIgniter(Object(CodeIgniter\CodeIgniter))
#13 C:\xampp\htdocs\ITE311-RAMAS\index.php(58): CodeIgniter\Boot::bootWeb(Object(Config\Paths))
#14 {main}
CRITICAL - 2025-11-29 13:48:35 --> Error: Call to a member function getResult() on bool
[Method: POST, Route: instructor/course/upload]
in SYSTEMPATH\Model.php on line 287.
 1 SYSTEMPATH\BaseModel.php(677): CodeIgniter\Model->doFindAll(0, 0)
 2 APPPATH\Models\MaterialModel.php(48): CodeIgniter\BaseModel->findAll()
 3 APPPATH\Controllers\Materials.php(103): App\Models\MaterialModel->getMaterialsByCourse(9)
 4 SYSTEMPATH\CodeIgniter.php(933): App\Controllers\Materials->upload()
 5 SYSTEMPATH\CodeIgniter.php(507): CodeIgniter\CodeIgniter->runController(Object(App\Controllers\Materials))
 6 SYSTEMPATH\CodeIgniter.php(354): CodeIgniter\CodeIgniter->handleRequest(null, Object(Config\Cache), false)
 7 SYSTEMPATH\Boot.php(363): CodeIgniter\CodeIgniter->run()
 8 SYSTEMPATH\Boot.php(68): CodeIgniter\Boot::runCodeIgniter(Object(CodeIgniter\CodeIgniter))
 9 FCPATH\index.php(58): CodeIgniter\Boot::bootWeb(Object(Config\Paths))
ERROR - 2025-11-29 14:01:03 --> mysqli_sql_exception: Table 'lms_ramas.materials' doesn't exist in C:\xampp\htdocs\ITE311-RAMAS\system\Database\MySQLi\Connection.php:327
Stack trace:
#0 C:\xampp\htdocs\ITE311-RAMAS\system\Database\MySQLi\Connection.php(327): mysqli->query('SELECT *\nFROM `...', 0)
#1 C:\xampp\htdocs\ITE311-RAMAS\system\Database\BaseConnection.php(729): CodeIgniter\Database\MySQLi\Connection->execute('SELECT *\nFROM `...')
#2 C:\xampp\htdocs\ITE311-RAMAS\system\Database\BaseConnection.php(646): CodeIgniter\Database\BaseConnection->simpleQuery('SELECT *\nFROM `...')
#3 C:\xampp\htdocs\ITE311-RAMAS\system\Database\BaseBuilder.php(1649): CodeIgniter\Database\BaseConnection->query('SELECT *\nFROM `...', Array, false)
#4 C:\xampp\htdocs\ITE311-RAMAS\system\Model.php(286): CodeIgniter\Database\BaseBuilder->get()
#5 C:\xampp\htdocs\ITE311-RAMAS\system\BaseModel.php(677): CodeIgniter\Model->doFindAll(0, 0)
#6 C:\xampp\htdocs\ITE311-RAMAS\app\Models\MaterialModel.php(48): CodeIgniter\BaseModel->findAll()
#7 C:\xampp\htdocs\ITE311-RAMAS\app\Controllers\Materials.php(103): App\Models\MaterialModel->getMaterialsByCourse(9)
#8 C:\xampp\htdocs\ITE311-RAMAS\system\CodeIgniter.php(933): App\Controllers\Materials->upload()
#9 C:\xampp\htdocs\ITE311-RAMAS\system\CodeIgniter.php(507): CodeIgniter\CodeIgniter->runController(Object(App\Controllers\Materials))
#10 C:\xampp\htdocs\ITE311-RAMAS\system\CodeIgniter.php(354): CodeIgniter\CodeIgniter->handleRequest(NULL, Object(Config\Cache), false)
#11 C:\xampp\htdocs\ITE311-RAMAS\system\Boot.php(363): CodeIgniter\CodeIgniter->run()
#12 C:\xampp\htdocs\ITE311-RAMAS\system\Boot.php(68): CodeIgniter\Boot::runCodeIgniter(Object(CodeIgniter\CodeIgniter))
#13 C:\xampp\htdocs\ITE311-RAMAS\index.php(58): CodeIgniter\Boot::bootWeb(Object(Config\Paths))
#14 {main}
CRITICAL - 2025-11-29 14:01:03 --> Error: Call to a member function getResult() on bool
[Method: POST, Route: instructor/course/upload]
in SYSTEMPATH\Model.php on line 287.
 1 SYSTEMPATH\BaseModel.php(677): CodeIgniter\Model->doFindAll(0, 0)
 2 APPPATH\Models\MaterialModel.php(48): CodeIgniter\BaseModel->findAll()
 3 APPPATH\Controllers\Materials.php(103): App\Models\MaterialModel->getMaterialsByCourse(9)
 4 SYSTEMPATH\CodeIgniter.php(933): App\Controllers\Materials->upload()
 5 SYSTEMPATH\CodeIgniter.php(507): CodeIgniter\CodeIgniter->runController(Object(App\Controllers\Materials))
 6 SYSTEMPATH\CodeIgniter.php(354): CodeIgniter\CodeIgniter->handleRequest(null, Object(Config\Cache), false)
 7 SYSTEMPATH\Boot.php(363): CodeIgniter\CodeIgniter->run()
 8 SYSTEMPATH\Boot.php(68): CodeIgniter\Boot::runCodeIgniter(Object(CodeIgniter\CodeIgniter))
 9 FCPATH\index.php(58): CodeIgniter\Boot::bootWeb(Object(Config\Paths))
ERROR - 2025-11-29 14:11:25 --> mysqli_sql_exception: Table 'lms_ramas.materials' doesn't exist in C:\xampp\htdocs\ITE311-RAMAS\system\Database\MySQLi\Connection.php:327
Stack trace:
#0 C:\xampp\htdocs\ITE311-RAMAS\system\Database\MySQLi\Connection.php(327): mysqli->query('SELECT *\nFROM `...', 0)
#1 C:\xampp\htdocs\ITE311-RAMAS\system\Database\BaseConnection.php(729): CodeIgniter\Database\MySQLi\Connection->execute('SELECT *\nFROM `...')
#2 C:\xampp\htdocs\ITE311-RAMAS\system\Database\BaseConnection.php(646): CodeIgniter\Database\BaseConnection->simpleQuery('SELECT *\nFROM `...')
#3 C:\xampp\htdocs\ITE311-RAMAS\system\Database\BaseBuilder.php(1649): CodeIgniter\Database\BaseConnection->query('SELECT *\nFROM `...', Array, false)
#4 C:\xampp\htdocs\ITE311-RAMAS\system\Model.php(286): CodeIgniter\Database\BaseBuilder->get()
#5 C:\xampp\htdocs\ITE311-RAMAS\system\BaseModel.php(677): CodeIgniter\Model->doFindAll(0, 0)
#6 C:\xampp\htdocs\ITE311-RAMAS\app\Models\MaterialModel.php(48): CodeIgniter\BaseModel->findAll()
#7 C:\xampp\htdocs\ITE311-RAMAS\app\Controllers\Materials.php(104): App\Models\MaterialModel->getMaterialsByCourse(9)
#8 C:\xampp\htdocs\ITE311-RAMAS\system\CodeIgniter.php(933): App\Controllers\Materials->upload()
#9 C:\xampp\htdocs\ITE311-RAMAS\system\CodeIgniter.php(507): CodeIgniter\CodeIgniter->runController(Object(App\Controllers\Materials))
#10 C:\xampp\htdocs\ITE311-RAMAS\system\CodeIgniter.php(354): CodeIgniter\CodeIgniter->handleRequest(NULL, Object(Config\Cache), false)
#11 C:\xampp\htdocs\ITE311-RAMAS\system\Boot.php(363): CodeIgniter\CodeIgniter->run()
#12 C:\xampp\htdocs\ITE311-RAMAS\system\Boot.php(68): CodeIgniter\Boot::runCodeIgniter(Object(CodeIgniter\CodeIgniter))
#13 C:\xampp\htdocs\ITE311-RAMAS\index.php(58): CodeIgniter\Boot::bootWeb(Object(Config\Paths))
#14 {main}
CRITICAL - 2025-11-29 14:11:25 --> Error: Call to a member function getResult() on bool
[Method: GET, Route: instructor/course/upload]
in SYSTEMPATH\Model.php on line 287.
 1 SYSTEMPATH\BaseModel.php(677): CodeIgniter\Model->doFindAll(0, 0)
 2 APPPATH\Models\MaterialModel.php(48): CodeIgniter\BaseModel->findAll()
 3 APPPATH\Controllers\Materials.php(104): App\Models\MaterialModel->getMaterialsByCourse(9)
 4 SYSTEMPATH\CodeIgniter.php(933): App\Controllers\Materials->upload()
 5 SYSTEMPATH\CodeIgniter.php(507): CodeIgniter\CodeIgniter->runController(Object(App\Controllers\Materials))
 6 SYSTEMPATH\CodeIgniter.php(354): CodeIgniter\CodeIgniter->handleRequest(null, Object(Config\Cache), false)
 7 SYSTEMPATH\Boot.php(363): CodeIgniter\CodeIgniter->run()
 8 SYSTEMPATH\Boot.php(68): CodeIgniter\Boot::runCodeIgniter(Object(CodeIgniter\CodeIgniter))
 9 FCPATH\index.php(58): CodeIgniter\Boot::bootWeb(Object(Config\Paths))
ERROR - 2025-11-29 14:11:33 --> mysqli_sql_exception: Table 'lms_ramas.materials' doesn't exist in C:\xampp\htdocs\ITE311-RAMAS\system\Database\MySQLi\Connection.php:327
Stack trace:
#0 C:\xampp\htdocs\ITE311-RAMAS\system\Database\MySQLi\Connection.php(327): mysqli->query('SELECT *\nFROM `...', 0)
#1 C:\xampp\htdocs\ITE311-RAMAS\system\Database\BaseConnection.php(729): CodeIgniter\Database\MySQLi\Connection->execute('SELECT *\nFROM `...')
#2 C:\xampp\htdocs\ITE311-RAMAS\system\Database\BaseConnection.php(646): CodeIgniter\Database\BaseConnection->simpleQuery('SELECT *\nFROM `...')
#3 C:\xampp\htdocs\ITE311-RAMAS\system\Database\BaseBuilder.php(1649): CodeIgniter\Database\BaseConnection->query('SELECT *\nFROM `...', Array, false)
#4 C:\xampp\htdocs\ITE311-RAMAS\system\Model.php(286): CodeIgniter\Database\BaseBuilder->get()
#5 C:\xampp\htdocs\ITE311-RAMAS\system\BaseModel.php(677): CodeIgniter\Model->doFindAll(0, 0)
#6 C:\xampp\htdocs\ITE311-RAMAS\app\Models\MaterialModel.php(48): CodeIgniter\BaseModel->findAll()
#7 C:\xampp\htdocs\ITE311-RAMAS\app\Controllers\Materials.php(104): App\Models\MaterialModel->getMaterialsByCourse(9)
#8 C:\xampp\htdocs\ITE311-RAMAS\system\CodeIgniter.php(933): App\Controllers\Materials->upload()
#9 C:\xampp\htdocs\ITE311-RAMAS\system\CodeIgniter.php(507): CodeIgniter\CodeIgniter->runController(Object(App\Controllers\Materials))
#10 C:\xampp\htdocs\ITE311-RAMAS\system\CodeIgniter.php(354): CodeIgniter\CodeIgniter->handleRequest(NULL, Object(Config\Cache), false)
#11 C:\xampp\htdocs\ITE311-RAMAS\system\Boot.php(363): CodeIgniter\CodeIgniter->run()
#12 C:\xampp\htdocs\ITE311-RAMAS\system\Boot.php(68): CodeIgniter\Boot::runCodeIgniter(Object(CodeIgniter\CodeIgniter))
#13 C:\xampp\htdocs\ITE311-RAMAS\index.php(58): CodeIgniter\Boot::bootWeb(Object(Config\Paths))
#14 {main}
CRITICAL - 2025-11-29 14:11:33 --> Error: Call to a member function getResult() on bool
[Method: GET, Route: instructor/course/upload]
in SYSTEMPATH\Model.php on line 287.
 1 SYSTEMPATH\BaseModel.php(677): CodeIgniter\Model->doFindAll(0, 0)
 2 APPPATH\Models\MaterialModel.php(48): CodeIgniter\BaseModel->findAll()
 3 APPPATH\Controllers\Materials.php(104): App\Models\MaterialModel->getMaterialsByCourse(9)
 4 SYSTEMPATH\CodeIgniter.php(933): App\Controllers\Materials->upload()
 5 SYSTEMPATH\CodeIgniter.php(507): CodeIgniter\CodeIgniter->runController(Object(App\Controllers\Materials))
 6 SYSTEMPATH\CodeIgniter.php(354): CodeIgniter\CodeIgniter->handleRequest(null, Object(Config\Cache), false)
 7 SYSTEMPATH\Boot.php(363): CodeIgniter\CodeIgniter->run()
 8 SYSTEMPATH\Boot.php(68): CodeIgniter\Boot::runCodeIgniter(Object(CodeIgniter\CodeIgniter))
 9 FCPATH\index.php(58): CodeIgniter\Boot::bootWeb(Object(Config\Paths))
CRITICAL - 2025-11-29 15:17:16 --> ParseError: syntax error, unexpected token "===", expecting "function" or "const"
[Method: GET, Route: instructor/course/upload]
in APPPATH\Controllers\Materials.php on line 107.
 1 SYSTEMPATH\Autoloader\Autoloader.php(295): CodeIgniter\Autoloader\Autoloader->includeFile('C:\\xampp\\htdocs\\ITE311-RAMAS\\app\\Controllers\\Materials.php')
 2 SYSTEMPATH\Autoloader\Autoloader.php(271): CodeIgniter\Autoloader\Autoloader->loadInNamespace('App\\Controllers\\Materials')
 3 [internal function]: CodeIgniter\Autoloader\Autoloader->loadClass('App\\Controllers\\Materials')
 4 SYSTEMPATH\CodeIgniter.php(885): class_exists('\\App\\Controllers\\Materials', true)
 5 SYSTEMPATH\CodeIgniter.php(494): CodeIgniter\CodeIgniter->startController()
 6 SYSTEMPATH\CodeIgniter.php(354): CodeIgniter\CodeIgniter->handleRequest(null, Object(Config\Cache), false)
 7 SYSTEMPATH\Boot.php(363): CodeIgniter\CodeIgniter->run()
 8 SYSTEMPATH\Boot.php(68): CodeIgniter\Boot::runCodeIgniter(Object(CodeIgniter\CodeIgniter))
 9 FCPATH\index.php(58): CodeIgniter\Boot::bootWeb(Object(Config\Paths))
CRITICAL - 2025-11-29 15:31:51 --> ParseError: syntax error, unexpected token "===", expecting "function" or "const"
[Method: GET, Route: instructor/course/upload]
in APPPATH\Controllers\Materials.php on line 218.
 1 SYSTEMPATH\Autoloader\Autoloader.php(295): CodeIgniter\Autoloader\Autoloader->includeFile('C:\\xampp\\htdocs\\ITE311-RAMAS\\app\\Controllers\\Materials.php')
 2 SYSTEMPATH\Autoloader\Autoloader.php(271): CodeIgniter\Autoloader\Autoloader->loadInNamespace('App\\Controllers\\Materials')
 3 [internal function]: CodeIgniter\Autoloader\Autoloader->loadClass('App\\Controllers\\Materials')
 4 SYSTEMPATH\CodeIgniter.php(885): class_exists('\\App\\Controllers\\Materials', true)
 5 SYSTEMPATH\CodeIgniter.php(494): CodeIgniter\CodeIgniter->startController()
 6 SYSTEMPATH\CodeIgniter.php(354): CodeIgniter\CodeIgniter->handleRequest(null, Object(Config\Cache), false)
 7 SYSTEMPATH\Boot.php(363): CodeIgniter\CodeIgniter->run()
 8 SYSTEMPATH\Boot.php(68): CodeIgniter\Boot::runCodeIgniter(Object(CodeIgniter\CodeIgniter))
 9 FCPATH\index.php(58): CodeIgniter\Boot::bootWeb(Object(Config\Paths))
CRITICAL - 2025-11-29 15:34:57 --> ParseError: syntax error, unexpected token "===", expecting "function" or "const"
[Method: GET, Route: instructor/course/upload]
in APPPATH\Controllers\Materials.php on line 218.
 1 SYSTEMPATH\Autoloader\Autoloader.php(295): CodeIgniter\Autoloader\Autoloader->includeFile('C:\\xampp\\htdocs\\ITE311-RAMAS\\app\\Controllers\\Materials.php')
 2 SYSTEMPATH\Autoloader\Autoloader.php(271): CodeIgniter\Autoloader\Autoloader->loadInNamespace('App\\Controllers\\Materials')
 3 [internal function]: CodeIgniter\Autoloader\Autoloader->loadClass('App\\Controllers\\Materials')
 4 SYSTEMPATH\CodeIgniter.php(885): class_exists('\\App\\Controllers\\Materials', true)
 5 SYSTEMPATH\CodeIgniter.php(494): CodeIgniter\CodeIgniter->startController()
 6 SYSTEMPATH\CodeIgniter.php(354): CodeIgniter\CodeIgniter->handleRequest(null, Object(Config\Cache), false)
 7 SYSTEMPATH\Boot.php(363): CodeIgniter\CodeIgniter->run()
 8 SYSTEMPATH\Boot.php(68): CodeIgniter\Boot::runCodeIgniter(Object(CodeIgniter\CodeIgniter))
 9 FCPATH\index.php(58): CodeIgniter\Boot::bootWeb(Object(Config\Paths))
CRITICAL - 2025-11-29 15:54:10 --> ParseError: syntax error, unexpected token "===", expecting "function" or "const"
[Method: GET, Route: instructor/course/upload]
in APPPATH\Controllers\Materials.php on line 218.
 1 SYSTEMPATH\Autoloader\Autoloader.php(295): CodeIgniter\Autoloader\Autoloader->includeFile('C:\\xampp\\htdocs\\ITE311-RAMAS\\app\\Controllers\\Materials.php')
 2 SYSTEMPATH\Autoloader\Autoloader.php(271): CodeIgniter\Autoloader\Autoloader->loadInNamespace('App\\Controllers\\Materials')
 3 [internal function]: CodeIgniter\Autoloader\Autoloader->loadClass('App\\Controllers\\Materials')
 4 SYSTEMPATH\CodeIgniter.php(885): class_exists('\\App\\Controllers\\Materials', true)
 5 SYSTEMPATH\CodeIgniter.php(494): CodeIgniter\CodeIgniter->startController()
 6 SYSTEMPATH\CodeIgniter.php(354): CodeIgniter\CodeIgniter->handleRequest(null, Object(Config\Cache), false)
 7 SYSTEMPATH\Boot.php(363): CodeIgniter\CodeIgniter->run()
 8 SYSTEMPATH\Boot.php(68): CodeIgniter\Boot::runCodeIgniter(Object(CodeIgniter\CodeIgniter))
 9 FCPATH\index.php(58): CodeIgniter\Boot::bootWeb(Object(Config\Paths))
CRITICAL - 2025-11-29 15:54:11 --> ParseError: syntax error, unexpected token "===", expecting "function" or "const"
[Method: GET, Route: instructor/course/upload]
in APPPATH\Controllers\Materials.php on line 218.
 1 SYSTEMPATH\Autoloader\Autoloader.php(295): CodeIgniter\Autoloader\Autoloader->includeFile('C:\\xampp\\htdocs\\ITE311-RAMAS\\app\\Controllers\\Materials.php')
 2 SYSTEMPATH\Autoloader\Autoloader.php(271): CodeIgniter\Autoloader\Autoloader->loadInNamespace('App\\Controllers\\Materials')
 3 [internal function]: CodeIgniter\Autoloader\Autoloader->loadClass('App\\Controllers\\Materials')
 4 SYSTEMPATH\CodeIgniter.php(885): class_exists('\\App\\Controllers\\Materials', true)
 5 SYSTEMPATH\CodeIgniter.php(494): CodeIgniter\CodeIgniter->startController()
 6 SYSTEMPATH\CodeIgniter.php(354): CodeIgniter\CodeIgniter->handleRequest(null, Object(Config\Cache), false)
 7 SYSTEMPATH\Boot.php(363): CodeIgniter\CodeIgniter->run()
 8 SYSTEMPATH\Boot.php(68): CodeIgniter\Boot::runCodeIgniter(Object(CodeIgniter\CodeIgniter))
 9 FCPATH\index.php(58): CodeIgniter\Boot::bootWeb(Object(Config\Paths))
CRITICAL - 2025-11-29 15:54:11 --> ParseError: syntax error, unexpected token "===", expecting "function" or "const"
[Method: GET, Route: instructor/course/upload]
in APPPATH\Controllers\Materials.php on line 218.
 1 SYSTEMPATH\Autoloader\Autoloader.php(295): CodeIgniter\Autoloader\Autoloader->includeFile('C:\\xampp\\htdocs\\ITE311-RAMAS\\app\\Controllers\\Materials.php')
 2 SYSTEMPATH\Autoloader\Autoloader.php(271): CodeIgniter\Autoloader\Autoloader->loadInNamespace('App\\Controllers\\Materials')
 3 [internal function]: CodeIgniter\Autoloader\Autoloader->loadClass('App\\Controllers\\Materials')
 4 SYSTEMPATH\CodeIgniter.php(885): class_exists('\\App\\Controllers\\Materials', true)
 5 SYSTEMPATH\CodeIgniter.php(494): CodeIgniter\CodeIgniter->startController()
 6 SYSTEMPATH\CodeIgniter.php(354): CodeIgniter\CodeIgniter->handleRequest(null, Object(Config\Cache), false)
 7 SYSTEMPATH\Boot.php(363): CodeIgniter\CodeIgniter->run()
 8 SYSTEMPATH\Boot.php(68): CodeIgniter\Boot::runCodeIgniter(Object(CodeIgniter\CodeIgniter))
 9 FCPATH\index.php(58): CodeIgniter\Boot::bootWeb(Object(Config\Paths))
CRITICAL - 2025-11-29 15:54:11 --> ParseError: syntax error, unexpected token "===", expecting "function" or "const"
[Method: GET, Route: instructor/course/upload]
in APPPATH\Controllers\Materials.php on line 218.
 1 SYSTEMPATH\Autoloader\Autoloader.php(295): CodeIgniter\Autoloader\Autoloader->includeFile('C:\\xampp\\htdocs\\ITE311-RAMAS\\app\\Controllers\\Materials.php')
 2 SYSTEMPATH\Autoloader\Autoloader.php(271): CodeIgniter\Autoloader\Autoloader->loadInNamespace('App\\Controllers\\Materials')
 3 [internal function]: CodeIgniter\Autoloader\Autoloader->loadClass('App\\Controllers\\Materials')
 4 SYSTEMPATH\CodeIgniter.php(885): class_exists('\\App\\Controllers\\Materials', true)
 5 SYSTEMPATH\CodeIgniter.php(494): CodeIgniter\CodeIgniter->startController()
 6 SYSTEMPATH\CodeIgniter.php(354): CodeIgniter\CodeIgniter->handleRequest(null, Object(Config\Cache), false)
 7 SYSTEMPATH\Boot.php(363): CodeIgniter\CodeIgniter->run()
 8 SYSTEMPATH\Boot.php(68): CodeIgniter\Boot::runCodeIgniter(Object(CodeIgniter\CodeIgniter))
 9 FCPATH\index.php(58): CodeIgniter\Boot::bootWeb(Object(Config\Paths))
CRITICAL - 2025-11-29 15:54:16 --> ParseError: syntax error, unexpected token "===", expecting "function" or "const"
[Method: GET, Route: instructor/course/upload]
in APPPATH\Controllers\Materials.php on line 218.
 1 SYSTEMPATH\Autoloader\Autoloader.php(295): CodeIgniter\Autoloader\Autoloader->includeFile('C:\\xampp\\htdocs\\ITE311-RAMAS\\app\\Controllers\\Materials.php')
 2 SYSTEMPATH\Autoloader\Autoloader.php(271): CodeIgniter\Autoloader\Autoloader->loadInNamespace('App\\Controllers\\Materials')
 3 [internal function]: CodeIgniter\Autoloader\Autoloader->loadClass('App\\Controllers\\Materials')
 4 SYSTEMPATH\CodeIgniter.php(885): class_exists('\\App\\Controllers\\Materials', true)
 5 SYSTEMPATH\CodeIgniter.php(494): CodeIgniter\CodeIgniter->startController()
 6 SYSTEMPATH\CodeIgniter.php(354): CodeIgniter\CodeIgniter->handleRequest(null, Object(Config\Cache), false)
 7 SYSTEMPATH\Boot.php(363): CodeIgniter\CodeIgniter->run()
 8 SYSTEMPATH\Boot.php(68): CodeIgniter\Boot::runCodeIgniter(Object(CodeIgniter\CodeIgniter))
 9 FCPATH\index.php(58): CodeIgniter\Boot::bootWeb(Object(Config\Paths))
