CRITICAL - 2025-12-08 17:53:44 --> ErrorException: Undefined property: App\Controllers\Course::$db
[Method: POST, Route: course/enroll]
in APPPATH\Controllers\Course.php on line 68.
 1 APPPATH\Controllers\Course.php(68): CodeIgniter\Debug\Exceptions->errorHandler(2, 'Undefined property: App\\Controllers\\Course::$db', 'C:\\xampp\\htdocs\\ITE311-RAMAS\\app\\Controllers\\Course.php', 68)
 2 SYSTEMPATH\CodeIgniter.php(933): App\Controllers\Course->enroll()
 3 SYSTEMPATH\CodeIgniter.php(507): CodeIgniter\CodeIgniter->runController(Object(App\Controllers\Course))
 4 SYSTEMPATH\CodeIgniter.php(354): CodeIgniter\CodeIgniter->handleRequest(null, Object(Config\Cache), false)
 5 SYSTEMPATH\Boot.php(363): CodeIgniter\CodeIgniter->run()
 6 SYSTEMPATH\Boot.php(68): CodeIgniter\Boot::runCodeIgniter(Object(CodeIgniter\CodeIgniter))
 7 FCPATH\index.php(58): CodeIgniter\Boot::bootWeb(Object(Config\Paths))
CRITICAL - 2025-12-08 17:57:52 --> ErrorException: Undefined property: App\Controllers\Notifications::$db
[Method: GET, Route: notifications]
in APPPATH\Controllers\Notifications.php on line 31.
 1 APPPATH\Controllers\Notifications.php(31): CodeIgniter\Debug\Exceptions->errorHandler(2, 'Undefined property: App\\Controllers\\Notifications::$db', 'C:\\xampp\\htdocs\\ITE311-RAMAS\\app\\Controllers\\Notifications.php', 31)
 2 SYSTEMPATH\CodeIgniter.php(933): App\Controllers\Notifications->index()
 3 SYSTEMPATH\CodeIgniter.php(507): CodeIgniter\CodeIgniter->runController(Object(App\Controllers\Notifications))
 4 SYSTEMPATH\CodeIgniter.php(354): CodeIgniter\CodeIgniter->handleRequest(null, Object(Config\Cache), false)
 5 SYSTEMPATH\Boot.php(363): CodeIgniter\CodeIgniter->run()
 6 SYSTEMPATH\Boot.php(68): CodeIgniter\Boot::runCodeIgniter(Object(CodeIgniter\CodeIgniter))
 7 FCPATH\index.php(58): CodeIgniter\Boot::bootWeb(Object(Config\Paths))
CRITICAL - 2025-12-08 17:58:36 --> ErrorException: Undefined property: App\Controllers\Notifications::$db
[Method: GET, Route: notifications]
in APPPATH\Controllers\Notifications.php on line 31.
 1 APPPATH\Controllers\Notifications.php(31): CodeIgniter\Debug\Exceptions->errorHandler(2, 'Undefined property: App\\Controllers\\Notifications::$db', 'C:\\xampp\\htdocs\\ITE311-RAMAS\\app\\Controllers\\Notifications.php', 31)
 2 SYSTEMPATH\CodeIgniter.php(933): App\Controllers\Notifications->index()
 3 SYSTEMPATH\CodeIgniter.php(507): CodeIgniter\CodeIgniter->runController(Object(App\Controllers\Notifications))
 4 SYSTEMPATH\CodeIgniter.php(354): CodeIgniter\CodeIgniter->handleRequest(null, Object(Config\Cache), false)
 5 SYSTEMPATH\Boot.php(363): CodeIgniter\CodeIgniter->run()
 6 SYSTEMPATH\Boot.php(68): CodeIgniter\Boot::runCodeIgniter(Object(CodeIgniter\CodeIgniter))
 7 FCPATH\index.php(58): CodeIgniter\Boot::bootWeb(Object(Config\Paths))
CRITICAL - 2025-12-08 17:59:55 --> ErrorException: Undefined property: App\Controllers\Notifications::$db
[Method: GET, Route: notifications]
in APPPATH\Controllers\Notifications.php on line 31.
 1 APPPATH\Controllers\Notifications.php(31): CodeIgniter\Debug\Exceptions->errorHandler(2, 'Undefined property: App\\Controllers\\Notifications::$db', 'C:\\xampp\\htdocs\\ITE311-RAMAS\\app\\Controllers\\Notifications.php', 31)
 2 SYSTEMPATH\CodeIgniter.php(933): App\Controllers\Notifications->index()
 3 SYSTEMPATH\CodeIgniter.php(507): CodeIgniter\CodeIgniter->runController(Object(App\Controllers\Notifications))
 4 SYSTEMPATH\CodeIgniter.php(354): CodeIgniter\CodeIgniter->handleRequest(null, Object(Config\Cache), false)
 5 SYSTEMPATH\Boot.php(363): CodeIgniter\CodeIgniter->run()
 6 SYSTEMPATH\Boot.php(68): CodeIgniter\Boot::runCodeIgniter(Object(CodeIgniter\CodeIgniter))
 7 FCPATH\index.php(58): CodeIgniter\Boot::bootWeb(Object(Config\Paths))
CRITICAL - 2025-12-08 17:59:59 --> ErrorException: Undefined property: App\Controllers\Course::$db
[Method: POST, Route: course/enroll]
in APPPATH\Controllers\Course.php on line 68.
 1 APPPATH\Controllers\Course.php(68): CodeIgniter\Debug\Exceptions->errorHandler(2, 'Undefined property: App\\Controllers\\Course::$db', 'C:\\xampp\\htdocs\\ITE311-RAMAS\\app\\Controllers\\Course.php', 68)
 2 SYSTEMPATH\CodeIgniter.php(933): App\Controllers\Course->enroll()
 3 SYSTEMPATH\CodeIgniter.php(507): CodeIgniter\CodeIgniter->runController(Object(App\Controllers\Course))
 4 SYSTEMPATH\CodeIgniter.php(354): CodeIgniter\CodeIgniter->handleRequest(null, Object(Config\Cache), false)
 5 SYSTEMPATH\Boot.php(363): CodeIgniter\CodeIgniter->run()
 6 SYSTEMPATH\Boot.php(68): CodeIgniter\Boot::runCodeIgniter(Object(CodeIgniter\CodeIgniter))
 7 FCPATH\index.php(58): CodeIgniter\Boot::bootWeb(Object(Config\Paths))
CRITICAL - 2025-12-08 18:00:07 --> ErrorException: Undefined property: App\Controllers\Notifications::$db
[Method: GET, Route: notifications]
in APPPATH\Controllers\Notifications.php on line 31.
 1 APPPATH\Controllers\Notifications.php(31): CodeIgniter\Debug\Exceptions->errorHandler(2, 'Undefined property: App\\Controllers\\Notifications::$db', 'C:\\xampp\\htdocs\\ITE311-RAMAS\\app\\Controllers\\Notifications.php', 31)
 2 SYSTEMPATH\CodeIgniter.php(933): App\Controllers\Notifications->index()
 3 SYSTEMPATH\CodeIgniter.php(507): CodeIgniter\CodeIgniter->runController(Object(App\Controllers\Notifications))
 4 SYSTEMPATH\CodeIgniter.php(354): CodeIgniter\CodeIgniter->handleRequest(null, Object(Config\Cache), false)
 5 SYSTEMPATH\Boot.php(363): CodeIgniter\CodeIgniter->run()
 6 SYSTEMPATH\Boot.php(68): CodeIgniter\Boot::runCodeIgniter(Object(CodeIgniter\CodeIgniter))
 7 FCPATH\index.php(58): CodeIgniter\Boot::bootWeb(Object(Config\Paths))
CRITICAL - 2025-12-08 18:01:07 --> ErrorException: Undefined property: App\Controllers\Notifications::$db
[Method: GET, Route: notifications]
in APPPATH\Controllers\Notifications.php on line 31.
 1 APPPATH\Controllers\Notifications.php(31): CodeIgniter\Debug\Exceptions->errorHandler(2, 'Undefined property: App\\Controllers\\Notifications::$db', 'C:\\xampp\\htdocs\\ITE311-RAMAS\\app\\Controllers\\Notifications.php', 31)
 2 SYSTEMPATH\CodeIgniter.php(933): App\Controllers\Notifications->index()
 3 SYSTEMPATH\CodeIgniter.php(507): CodeIgniter\CodeIgniter->runController(Object(App\Controllers\Notifications))
 4 SYSTEMPATH\CodeIgniter.php(354): CodeIgniter\CodeIgniter->handleRequest(null, Object(Config\Cache), false)
 5 SYSTEMPATH\Boot.php(363): CodeIgniter\CodeIgniter->run()
 6 SYSTEMPATH\Boot.php(68): CodeIgniter\Boot::runCodeIgniter(Object(CodeIgniter\CodeIgniter))
 7 FCPATH\index.php(58): CodeIgniter\Boot::bootWeb(Object(Config\Paths))
CRITICAL - 2025-12-08 18:02:07 --> ErrorException: Undefined property: App\Controllers\Notifications::$db
[Method: GET, Route: notifications]
in APPPATH\Controllers\Notifications.php on line 31.
 1 APPPATH\Controllers\Notifications.php(31): CodeIgniter\Debug\Exceptions->errorHandler(2, 'Undefined property: App\\Controllers\\Notifications::$db', 'C:\\xampp\\htdocs\\ITE311-RAMAS\\app\\Controllers\\Notifications.php', 31)
 2 SYSTEMPATH\CodeIgniter.php(933): App\Controllers\Notifications->index()
 3 SYSTEMPATH\CodeIgniter.php(507): CodeIgniter\CodeIgniter->runController(Object(App\Controllers\Notifications))
 4 SYSTEMPATH\CodeIgniter.php(354): CodeIgniter\CodeIgniter->handleRequest(null, Object(Config\Cache), false)
 5 SYSTEMPATH\Boot.php(363): CodeIgniter\CodeIgniter->run()
 6 SYSTEMPATH\Boot.php(68): CodeIgniter\Boot::runCodeIgniter(Object(CodeIgniter\CodeIgniter))
 7 FCPATH\index.php(58): CodeIgniter\Boot::bootWeb(Object(Config\Paths))
CRITICAL - 2025-12-08 18:03:07 --> ErrorException: Undefined property: App\Controllers\Notifications::$db
[Method: GET, Route: notifications]
in APPPATH\Controllers\Notifications.php on line 31.
 1 APPPATH\Controllers\Notifications.php(31): CodeIgniter\Debug\Exceptions->errorHandler(2, 'Undefined property: App\\Controllers\\Notifications::$db', 'C:\\xampp\\htdocs\\ITE311-RAMAS\\app\\Controllers\\Notifications.php', 31)
 2 SYSTEMPATH\CodeIgniter.php(933): App\Controllers\Notifications->index()
 3 SYSTEMPATH\CodeIgniter.php(507): CodeIgniter\CodeIgniter->runController(Object(App\Controllers\Notifications))
 4 SYSTEMPATH\CodeIgniter.php(354): CodeIgniter\CodeIgniter->handleRequest(null, Object(Config\Cache), false)
 5 SYSTEMPATH\Boot.php(363): CodeIgniter\CodeIgniter->run()
 6 SYSTEMPATH\Boot.php(68): CodeIgniter\Boot::runCodeIgniter(Object(CodeIgniter\CodeIgniter))
 7 FCPATH\index.php(58): CodeIgniter\Boot::bootWeb(Object(Config\Paths))
CRITICAL - 2025-12-08 18:04:07 --> ErrorException: Undefined property: App\Controllers\Notifications::$db
[Method: GET, Route: notifications]
in APPPATH\Controllers\Notifications.php on line 31.
 1 APPPATH\Controllers\Notifications.php(31): CodeIgniter\Debug\Exceptions->errorHandler(2, 'Undefined property: App\\Controllers\\Notifications::$db', 'C:\\xampp\\htdocs\\ITE311-RAMAS\\app\\Controllers\\Notifications.php', 31)
 2 SYSTEMPATH\CodeIgniter.php(933): App\Controllers\Notifications->index()
 3 SYSTEMPATH\CodeIgniter.php(507): CodeIgniter\CodeIgniter->runController(Object(App\Controllers\Notifications))
 4 SYSTEMPATH\CodeIgniter.php(354): CodeIgniter\CodeIgniter->handleRequest(null, Object(Config\Cache), false)
 5 SYSTEMPATH\Boot.php(363): CodeIgniter\CodeIgniter->run()
 6 SYSTEMPATH\Boot.php(68): CodeIgniter\Boot::runCodeIgniter(Object(CodeIgniter\CodeIgniter))
 7 FCPATH\index.php(58): CodeIgniter\Boot::bootWeb(Object(Config\Paths))
CRITICAL - 2025-12-08 18:04:29 --> ErrorException: Undefined property: App\Controllers\Course::$db
[Method: POST, Route: course/enroll]
in APPPATH\Controllers\Course.php on line 68.
 1 APPPATH\Controllers\Course.php(68): CodeIgniter\Debug\Exceptions->errorHandler(2, 'Undefined property: App\\Controllers\\Course::$db', 'C:\\xampp\\htdocs\\ITE311-RAMAS\\app\\Controllers\\Course.php', 68)
 2 SYSTEMPATH\CodeIgniter.php(933): App\Controllers\Course->enroll()
 3 SYSTEMPATH\CodeIgniter.php(507): CodeIgniter\CodeIgniter->runController(Object(App\Controllers\Course))
 4 SYSTEMPATH\CodeIgniter.php(354): CodeIgniter\CodeIgniter->handleRequest(null, Object(Config\Cache), false)
 5 SYSTEMPATH\Boot.php(363): CodeIgniter\CodeIgniter->run()
 6 SYSTEMPATH\Boot.php(68): CodeIgniter\Boot::runCodeIgniter(Object(CodeIgniter\CodeIgniter))
 7 FCPATH\index.php(58): CodeIgniter\Boot::bootWeb(Object(Config\Paths))
CRITICAL - 2025-12-08 18:04:34 --> ErrorException: Undefined property: App\Controllers\Notifications::$db
[Method: GET, Route: notifications]
in APPPATH\Controllers\Notifications.php on line 31.
 1 APPPATH\Controllers\Notifications.php(31): CodeIgniter\Debug\Exceptions->errorHandler(2, 'Undefined property: App\\Controllers\\Notifications::$db', 'C:\\xampp\\htdocs\\ITE311-RAMAS\\app\\Controllers\\Notifications.php', 31)
 2 SYSTEMPATH\CodeIgniter.php(933): App\Controllers\Notifications->index()
 3 SYSTEMPATH\CodeIgniter.php(507): CodeIgniter\CodeIgniter->runController(Object(App\Controllers\Notifications))
 4 SYSTEMPATH\CodeIgniter.php(354): CodeIgniter\CodeIgniter->handleRequest(null, Object(Config\Cache), false)
 5 SYSTEMPATH\Boot.php(363): CodeIgniter\CodeIgniter->run()
 6 SYSTEMPATH\Boot.php(68): CodeIgniter\Boot::runCodeIgniter(Object(CodeIgniter\CodeIgniter))
 7 FCPATH\index.php(58): CodeIgniter\Boot::bootWeb(Object(Config\Paths))
CRITICAL - 2025-12-08 18:05:35 --> ErrorException: Undefined property: App\Controllers\Notifications::$db
[Method: GET, Route: notifications]
in APPPATH\Controllers\Notifications.php on line 31.
 1 APPPATH\Controllers\Notifications.php(31): CodeIgniter\Debug\Exceptions->errorHandler(2, 'Undefined property: App\\Controllers\\Notifications::$db', 'C:\\xampp\\htdocs\\ITE311-RAMAS\\app\\Controllers\\Notifications.php', 31)
 2 SYSTEMPATH\CodeIgniter.php(933): App\Controllers\Notifications->index()
 3 SYSTEMPATH\CodeIgniter.php(507): CodeIgniter\CodeIgniter->runController(Object(App\Controllers\Notifications))
 4 SYSTEMPATH\CodeIgniter.php(354): CodeIgniter\CodeIgniter->handleRequest(null, Object(Config\Cache), false)
 5 SYSTEMPATH\Boot.php(363): CodeIgniter\CodeIgniter->run()
 6 SYSTEMPATH\Boot.php(68): CodeIgniter\Boot::runCodeIgniter(Object(CodeIgniter\CodeIgniter))
 7 FCPATH\index.php(58): CodeIgniter\Boot::bootWeb(Object(Config\Paths))
CRITICAL - 2025-12-08 18:06:35 --> ErrorException: Undefined property: App\Controllers\Notifications::$db
[Method: GET, Route: notifications]
in APPPATH\Controllers\Notifications.php on line 31.
 1 APPPATH\Controllers\Notifications.php(31): CodeIgniter\Debug\Exceptions->errorHandler(2, 'Undefined property: App\\Controllers\\Notifications::$db', 'C:\\xampp\\htdocs\\ITE311-RAMAS\\app\\Controllers\\Notifications.php', 31)
 2 SYSTEMPATH\CodeIgniter.php(933): App\Controllers\Notifications->index()
 3 SYSTEMPATH\CodeIgniter.php(507): CodeIgniter\CodeIgniter->runController(Object(App\Controllers\Notifications))
 4 SYSTEMPATH\CodeIgniter.php(354): CodeIgniter\CodeIgniter->handleRequest(null, Object(Config\Cache), false)
 5 SYSTEMPATH\Boot.php(363): CodeIgniter\CodeIgniter->run()
 6 SYSTEMPATH\Boot.php(68): CodeIgniter\Boot::runCodeIgniter(Object(CodeIgniter\CodeIgniter))
 7 FCPATH\index.php(58): CodeIgniter\Boot::bootWeb(Object(Config\Paths))
CRITICAL - 2025-12-08 18:07:35 --> ErrorException: Undefined property: App\Controllers\Notifications::$db
[Method: GET, Route: notifications]
in APPPATH\Controllers\Notifications.php on line 31.
 1 APPPATH\Controllers\Notifications.php(31): CodeIgniter\Debug\Exceptions->errorHandler(2, 'Undefined property: App\\Controllers\\Notifications::$db', 'C:\\xampp\\htdocs\\ITE311-RAMAS\\app\\Controllers\\Notifications.php', 31)
 2 SYSTEMPATH\CodeIgniter.php(933): App\Controllers\Notifications->index()
 3 SYSTEMPATH\CodeIgniter.php(507): CodeIgniter\CodeIgniter->runController(Object(App\Controllers\Notifications))
 4 SYSTEMPATH\CodeIgniter.php(354): CodeIgniter\CodeIgniter->handleRequest(null, Object(Config\Cache), false)
 5 SYSTEMPATH\Boot.php(363): CodeIgniter\CodeIgniter->run()
 6 SYSTEMPATH\Boot.php(68): CodeIgniter\Boot::runCodeIgniter(Object(CodeIgniter\CodeIgniter))
 7 FCPATH\index.php(58): CodeIgniter\Boot::bootWeb(Object(Config\Paths))
CRITICAL - 2025-12-08 18:08:27 --> ErrorException: Undefined property: App\Controllers\Notifications::$db
[Method: GET, Route: notifications]
in APPPATH\Controllers\Notifications.php on line 31.
 1 APPPATH\Controllers\Notifications.php(31): CodeIgniter\Debug\Exceptions->errorHandler(2, 'Undefined property: App\\Controllers\\Notifications::$db', 'C:\\xampp\\htdocs\\ITE311-RAMAS\\app\\Controllers\\Notifications.php', 31)
 2 SYSTEMPATH\CodeIgniter.php(933): App\Controllers\Notifications->index()
 3 SYSTEMPATH\CodeIgniter.php(507): CodeIgniter\CodeIgniter->runController(Object(App\Controllers\Notifications))
 4 SYSTEMPATH\CodeIgniter.php(354): CodeIgniter\CodeIgniter->handleRequest(null, Object(Config\Cache), false)
 5 SYSTEMPATH\Boot.php(363): CodeIgniter\CodeIgniter->run()
 6 SYSTEMPATH\Boot.php(68): CodeIgniter\Boot::runCodeIgniter(Object(CodeIgniter\CodeIgniter))
 7 FCPATH\index.php(58): CodeIgniter\Boot::bootWeb(Object(Config\Paths))
CRITICAL - 2025-12-08 18:09:27 --> ErrorException: Undefined property: App\Controllers\Notifications::$db
[Method: GET, Route: notifications]
in APPPATH\Controllers\Notifications.php on line 31.
 1 APPPATH\Controllers\Notifications.php(31): CodeIgniter\Debug\Exceptions->errorHandler(2, 'Undefined property: App\\Controllers\\Notifications::$db', 'C:\\xampp\\htdocs\\ITE311-RAMAS\\app\\Controllers\\Notifications.php', 31)
 2 SYSTEMPATH\CodeIgniter.php(933): App\Controllers\Notifications->index()
 3 SYSTEMPATH\CodeIgniter.php(507): CodeIgniter\CodeIgniter->runController(Object(App\Controllers\Notifications))
 4 SYSTEMPATH\CodeIgniter.php(354): CodeIgniter\CodeIgniter->handleRequest(null, Object(Config\Cache), false)
 5 SYSTEMPATH\Boot.php(363): CodeIgniter\CodeIgniter->run()
 6 SYSTEMPATH\Boot.php(68): CodeIgniter\Boot::runCodeIgniter(Object(CodeIgniter\CodeIgniter))
 7 FCPATH\index.php(58): CodeIgniter\Boot::bootWeb(Object(Config\Paths))
CRITICAL - 2025-12-08 18:10:27 --> ErrorException: Undefined property: App\Controllers\Notifications::$db
[Method: GET, Route: notifications]
in APPPATH\Controllers\Notifications.php on line 31.
 1 APPPATH\Controllers\Notifications.php(31): CodeIgniter\Debug\Exceptions->errorHandler(2, 'Undefined property: App\\Controllers\\Notifications::$db', 'C:\\xampp\\htdocs\\ITE311-RAMAS\\app\\Controllers\\Notifications.php', 31)
 2 SYSTEMPATH\CodeIgniter.php(933): App\Controllers\Notifications->index()
 3 SYSTEMPATH\CodeIgniter.php(507): CodeIgniter\CodeIgniter->runController(Object(App\Controllers\Notifications))
 4 SYSTEMPATH\CodeIgniter.php(354): CodeIgniter\CodeIgniter->handleRequest(null, Object(Config\Cache), false)
 5 SYSTEMPATH\Boot.php(363): CodeIgniter\CodeIgniter->run()
 6 SYSTEMPATH\Boot.php(68): CodeIgniter\Boot::runCodeIgniter(Object(CodeIgniter\CodeIgniter))
 7 FCPATH\index.php(58): CodeIgniter\Boot::bootWeb(Object(Config\Paths))
CRITICAL - 2025-12-08 18:11:28 --> ErrorException: Undefined property: App\Controllers\Notifications::$db
[Method: GET, Route: notifications]
in APPPATH\Controllers\Notifications.php on line 31.
 1 APPPATH\Controllers\Notifications.php(31): CodeIgniter\Debug\Exceptions->errorHandler(2, 'Undefined property: App\\Controllers\\Notifications::$db', 'C:\\xampp\\htdocs\\ITE311-RAMAS\\app\\Controllers\\Notifications.php', 31)
 2 SYSTEMPATH\CodeIgniter.php(933): App\Controllers\Notifications->index()
 3 SYSTEMPATH\CodeIgniter.php(507): CodeIgniter\CodeIgniter->runController(Object(App\Controllers\Notifications))
 4 SYSTEMPATH\CodeIgniter.php(354): CodeIgniter\CodeIgniter->handleRequest(null, Object(Config\Cache), false)
 5 SYSTEMPATH\Boot.php(363): CodeIgniter\CodeIgniter->run()
 6 SYSTEMPATH\Boot.php(68): CodeIgniter\Boot::runCodeIgniter(Object(CodeIgniter\CodeIgniter))
 7 FCPATH\index.php(58): CodeIgniter\Boot::bootWeb(Object(Config\Paths))
CRITICAL - 2025-12-08 18:12:27 --> ErrorException: Undefined property: App\Controllers\Notifications::$db
[Method: GET, Route: notifications]
in APPPATH\Controllers\Notifications.php on line 31.
 1 APPPATH\Controllers\Notifications.php(31): CodeIgniter\Debug\Exceptions->errorHandler(2, 'Undefined property: App\\Controllers\\Notifications::$db', 'C:\\xampp\\htdocs\\ITE311-RAMAS\\app\\Controllers\\Notifications.php', 31)
 2 SYSTEMPATH\CodeIgniter.php(933): App\Controllers\Notifications->index()
 3 SYSTEMPATH\CodeIgniter.php(507): CodeIgniter\CodeIgniter->runController(Object(App\Controllers\Notifications))
 4 SYSTEMPATH\CodeIgniter.php(354): CodeIgniter\CodeIgniter->handleRequest(null, Object(Config\Cache), false)
 5 SYSTEMPATH\Boot.php(363): CodeIgniter\CodeIgniter->run()
 6 SYSTEMPATH\Boot.php(68): CodeIgniter\Boot::runCodeIgniter(Object(CodeIgniter\CodeIgniter))
 7 FCPATH\index.php(58): CodeIgniter\Boot::bootWeb(Object(Config\Paths))
CRITICAL - 2025-12-08 18:12:38 --> ErrorException: Undefined property: App\Controllers\Notifications::$db
[Method: GET, Route: notifications]
in APPPATH\Controllers\Notifications.php on line 31.
 1 APPPATH\Controllers\Notifications.php(31): CodeIgniter\Debug\Exceptions->errorHandler(2, 'Undefined property: App\\Controllers\\Notifications::$db', 'C:\\xampp\\htdocs\\ITE311-RAMAS\\app\\Controllers\\Notifications.php', 31)
 2 SYSTEMPATH\CodeIgniter.php(933): App\Controllers\Notifications->index()
 3 SYSTEMPATH\CodeIgniter.php(507): CodeIgniter\CodeIgniter->runController(Object(App\Controllers\Notifications))
 4 SYSTEMPATH\CodeIgniter.php(354): CodeIgniter\CodeIgniter->handleRequest(null, Object(Config\Cache), false)
 5 SYSTEMPATH\Boot.php(363): CodeIgniter\CodeIgniter->run()
 6 SYSTEMPATH\Boot.php(68): CodeIgniter\Boot::runCodeIgniter(Object(CodeIgniter\CodeIgniter))
 7 FCPATH\index.php(58): CodeIgniter\Boot::bootWeb(Object(Config\Paths))
CRITICAL - 2025-12-08 18:12:44 --> ErrorException: Undefined property: App\Controllers\Course::$db
[Method: POST, Route: course/enroll]
in APPPATH\Controllers\Course.php on line 68.
 1 APPPATH\Controllers\Course.php(68): CodeIgniter\Debug\Exceptions->errorHandler(2, 'Undefined property: App\\Controllers\\Course::$db', 'C:\\xampp\\htdocs\\ITE311-RAMAS\\app\\Controllers\\Course.php', 68)
 2 SYSTEMPATH\CodeIgniter.php(933): App\Controllers\Course->enroll()
 3 SYSTEMPATH\CodeIgniter.php(507): CodeIgniter\CodeIgniter->runController(Object(App\Controllers\Course))
 4 SYSTEMPATH\CodeIgniter.php(354): CodeIgniter\CodeIgniter->handleRequest(null, Object(Config\Cache), false)
 5 SYSTEMPATH\Boot.php(363): CodeIgniter\CodeIgniter->run()
 6 SYSTEMPATH\Boot.php(68): CodeIgniter\Boot::runCodeIgniter(Object(CodeIgniter\CodeIgniter))
 7 FCPATH\index.php(58): CodeIgniter\Boot::bootWeb(Object(Config\Paths))
CRITICAL - 2025-12-08 18:12:50 --> ErrorException: Undefined property: App\Controllers\Notifications::$db
[Method: GET, Route: notifications]
in APPPATH\Controllers\Notifications.php on line 31.
 1 APPPATH\Controllers\Notifications.php(31): CodeIgniter\Debug\Exceptions->errorHandler(2, 'Undefined property: App\\Controllers\\Notifications::$db', 'C:\\xampp\\htdocs\\ITE311-RAMAS\\app\\Controllers\\Notifications.php', 31)
 2 SYSTEMPATH\CodeIgniter.php(933): App\Controllers\Notifications->index()
 3 SYSTEMPATH\CodeIgniter.php(507): CodeIgniter\CodeIgniter->runController(Object(App\Controllers\Notifications))
 4 SYSTEMPATH\CodeIgniter.php(354): CodeIgniter\CodeIgniter->handleRequest(null, Object(Config\Cache), false)
 5 SYSTEMPATH\Boot.php(363): CodeIgniter\CodeIgniter->run()
 6 SYSTEMPATH\Boot.php(68): CodeIgniter\Boot::runCodeIgniter(Object(CodeIgniter\CodeIgniter))
 7 FCPATH\index.php(58): CodeIgniter\Boot::bootWeb(Object(Config\Paths))
CRITICAL - 2025-12-08 18:15:49 --> ErrorException: Undefined property: App\Controllers\Notifications::$db
[Method: GET, Route: notifications]
in APPPATH\Controllers\Notifications.php on line 31.
 1 APPPATH\Controllers\Notifications.php(31): CodeIgniter\Debug\Exceptions->errorHandler(2, 'Undefined property: App\\Controllers\\Notifications::$db', 'C:\\xampp\\htdocs\\ITE311-RAMAS\\app\\Controllers\\Notifications.php', 31)
 2 SYSTEMPATH\CodeIgniter.php(933): App\Controllers\Notifications->index()
 3 SYSTEMPATH\CodeIgniter.php(507): CodeIgniter\CodeIgniter->runController(Object(App\Controllers\Notifications))
 4 SYSTEMPATH\CodeIgniter.php(354): CodeIgniter\CodeIgniter->handleRequest(null, Object(Config\Cache), false)
 5 SYSTEMPATH\Boot.php(363): CodeIgniter\CodeIgniter->run()
 6 SYSTEMPATH\Boot.php(68): CodeIgniter\Boot::runCodeIgniter(Object(CodeIgniter\CodeIgniter))
 7 FCPATH\index.php(58): CodeIgniter\Boot::bootWeb(Object(Config\Paths))
CRITICAL - 2025-12-08 18:15:52 --> ErrorException: Undefined property: App\Controllers\Course::$db
[Method: POST, Route: course/enroll]
in APPPATH\Controllers\Course.php on line 68.
 1 APPPATH\Controllers\Course.php(68): CodeIgniter\Debug\Exceptions->errorHandler(2, 'Undefined property: App\\Controllers\\Course::$db', 'C:\\xampp\\htdocs\\ITE311-RAMAS\\app\\Controllers\\Course.php', 68)
 2 SYSTEMPATH\CodeIgniter.php(933): App\Controllers\Course->enroll()
 3 SYSTEMPATH\CodeIgniter.php(507): CodeIgniter\CodeIgniter->runController(Object(App\Controllers\Course))
 4 SYSTEMPATH\CodeIgniter.php(354): CodeIgniter\CodeIgniter->handleRequest(null, Object(Config\Cache), false)
 5 SYSTEMPATH\Boot.php(363): CodeIgniter\CodeIgniter->run()
 6 SYSTEMPATH\Boot.php(68): CodeIgniter\Boot::runCodeIgniter(Object(CodeIgniter\CodeIgniter))
 7 FCPATH\index.php(58): CodeIgniter\Boot::bootWeb(Object(Config\Paths))
CRITICAL - 2025-12-08 18:15:58 --> ErrorException: Undefined property: App\Controllers\Notifications::$db
[Method: GET, Route: notifications]
in APPPATH\Controllers\Notifications.php on line 31.
 1 APPPATH\Controllers\Notifications.php(31): CodeIgniter\Debug\Exceptions->errorHandler(2, 'Undefined property: App\\Controllers\\Notifications::$db', 'C:\\xampp\\htdocs\\ITE311-RAMAS\\app\\Controllers\\Notifications.php', 31)
 2 SYSTEMPATH\CodeIgniter.php(933): App\Controllers\Notifications->index()
 3 SYSTEMPATH\CodeIgniter.php(507): CodeIgniter\CodeIgniter->runController(Object(App\Controllers\Notifications))
 4 SYSTEMPATH\CodeIgniter.php(354): CodeIgniter\CodeIgniter->handleRequest(null, Object(Config\Cache), false)
 5 SYSTEMPATH\Boot.php(363): CodeIgniter\CodeIgniter->run()
 6 SYSTEMPATH\Boot.php(68): CodeIgniter\Boot::runCodeIgniter(Object(CodeIgniter\CodeIgniter))
 7 FCPATH\index.php(58): CodeIgniter\Boot::bootWeb(Object(Config\Paths))
CRITICAL - 2025-12-08 18:16:58 --> ErrorException: Undefined property: App\Controllers\Notifications::$db
[Method: GET, Route: notifications]
in APPPATH\Controllers\Notifications.php on line 31.
 1 APPPATH\Controllers\Notifications.php(31): CodeIgniter\Debug\Exceptions->errorHandler(2, 'Undefined property: App\\Controllers\\Notifications::$db', 'C:\\xampp\\htdocs\\ITE311-RAMAS\\app\\Controllers\\Notifications.php', 31)
 2 SYSTEMPATH\CodeIgniter.php(933): App\Controllers\Notifications->index()
 3 SYSTEMPATH\CodeIgniter.php(507): CodeIgniter\CodeIgniter->runController(Object(App\Controllers\Notifications))
 4 SYSTEMPATH\CodeIgniter.php(354): CodeIgniter\CodeIgniter->handleRequest(null, Object(Config\Cache), false)
 5 SYSTEMPATH\Boot.php(363): CodeIgniter\CodeIgniter->run()
 6 SYSTEMPATH\Boot.php(68): CodeIgniter\Boot::runCodeIgniter(Object(CodeIgniter\CodeIgniter))
 7 FCPATH\index.php(58): CodeIgniter\Boot::bootWeb(Object(Config\Paths))
CRITICAL - 2025-12-08 18:17:58 --> ErrorException: Undefined property: App\Controllers\Notifications::$db
[Method: GET, Route: notifications]
in APPPATH\Controllers\Notifications.php on line 31.
 1 APPPATH\Controllers\Notifications.php(31): CodeIgniter\Debug\Exceptions->errorHandler(2, 'Undefined property: App\\Controllers\\Notifications::$db', 'C:\\xampp\\htdocs\\ITE311-RAMAS\\app\\Controllers\\Notifications.php', 31)
 2 SYSTEMPATH\CodeIgniter.php(933): App\Controllers\Notifications->index()
 3 SYSTEMPATH\CodeIgniter.php(507): CodeIgniter\CodeIgniter->runController(Object(App\Controllers\Notifications))
 4 SYSTEMPATH\CodeIgniter.php(354): CodeIgniter\CodeIgniter->handleRequest(null, Object(Config\Cache), false)
 5 SYSTEMPATH\Boot.php(363): CodeIgniter\CodeIgniter->run()
 6 SYSTEMPATH\Boot.php(68): CodeIgniter\Boot::runCodeIgniter(Object(CodeIgniter\CodeIgniter))
 7 FCPATH\index.php(58): CodeIgniter\Boot::bootWeb(Object(Config\Paths))
CRITICAL - 2025-12-08 18:18:49 --> ErrorException: Undefined property: App\Controllers\Notifications::$db
[Method: GET, Route: notifications]
in APPPATH\Controllers\Notifications.php on line 31.
 1 APPPATH\Controllers\Notifications.php(31): CodeIgniter\Debug\Exceptions->errorHandler(2, 'Undefined property: App\\Controllers\\Notifications::$db', 'C:\\xampp\\htdocs\\ITE311-RAMAS\\app\\Controllers\\Notifications.php', 31)
 2 SYSTEMPATH\CodeIgniter.php(933): App\Controllers\Notifications->index()
 3 SYSTEMPATH\CodeIgniter.php(507): CodeIgniter\CodeIgniter->runController(Object(App\Controllers\Notifications))
 4 SYSTEMPATH\CodeIgniter.php(354): CodeIgniter\CodeIgniter->handleRequest(null, Object(Config\Cache), false)
 5 SYSTEMPATH\Boot.php(363): CodeIgniter\CodeIgniter->run()
 6 SYSTEMPATH\Boot.php(68): CodeIgniter\Boot::runCodeIgniter(Object(CodeIgniter\CodeIgniter))
 7 FCPATH\index.php(58): CodeIgniter\Boot::bootWeb(Object(Config\Paths))
CRITICAL - 2025-12-08 18:19:35 --> ErrorException: Undefined property: App\Controllers\Notifications::$db
[Method: GET, Route: notifications]
in APPPATH\Controllers\Notifications.php on line 31.
 1 APPPATH\Controllers\Notifications.php(31): CodeIgniter\Debug\Exceptions->errorHandler(2, 'Undefined property: App\\Controllers\\Notifications::$db', 'C:\\xampp\\htdocs\\ITE311-RAMAS\\app\\Controllers\\Notifications.php', 31)
 2 SYSTEMPATH\CodeIgniter.php(933): App\Controllers\Notifications->index()
 3 SYSTEMPATH\CodeIgniter.php(507): CodeIgniter\CodeIgniter->runController(Object(App\Controllers\Notifications))
 4 SYSTEMPATH\CodeIgniter.php(354): CodeIgniter\CodeIgniter->handleRequest(null, Object(Config\Cache), false)
 5 SYSTEMPATH\Boot.php(363): CodeIgniter\CodeIgniter->run()
 6 SYSTEMPATH\Boot.php(68): CodeIgniter\Boot::runCodeIgniter(Object(CodeIgniter\CodeIgniter))
 7 FCPATH\index.php(58): CodeIgniter\Boot::bootWeb(Object(Config\Paths))
CRITICAL - 2025-12-08 18:19:38 --> ErrorException: Undefined property: App\Controllers\Notifications::$db
[Method: GET, Route: notifications]
in APPPATH\Controllers\Notifications.php on line 31.
 1 APPPATH\Controllers\Notifications.php(31): CodeIgniter\Debug\Exceptions->errorHandler(2, 'Undefined property: App\\Controllers\\Notifications::$db', 'C:\\xampp\\htdocs\\ITE311-RAMAS\\app\\Controllers\\Notifications.php', 31)
 2 SYSTEMPATH\CodeIgniter.php(933): App\Controllers\Notifications->index()
 3 SYSTEMPATH\CodeIgniter.php(507): CodeIgniter\CodeIgniter->runController(Object(App\Controllers\Notifications))
 4 SYSTEMPATH\CodeIgniter.php(354): CodeIgniter\CodeIgniter->handleRequest(null, Object(Config\Cache), false)
 5 SYSTEMPATH\Boot.php(363): CodeIgniter\CodeIgniter->run()
 6 SYSTEMPATH\Boot.php(68): CodeIgniter\Boot::runCodeIgniter(Object(CodeIgniter\CodeIgniter))
 7 FCPATH\index.php(58): CodeIgniter\Boot::bootWeb(Object(Config\Paths))
CRITICAL - 2025-12-08 18:19:41 --> ErrorException: Undefined property: App\Controllers\Notifications::$db
[Method: GET, Route: notifications]
in APPPATH\Controllers\Notifications.php on line 31.
 1 APPPATH\Controllers\Notifications.php(31): CodeIgniter\Debug\Exceptions->errorHandler(2, 'Undefined property: App\\Controllers\\Notifications::$db', 'C:\\xampp\\htdocs\\ITE311-RAMAS\\app\\Controllers\\Notifications.php', 31)
 2 SYSTEMPATH\CodeIgniter.php(933): App\Controllers\Notifications->index()
 3 SYSTEMPATH\CodeIgniter.php(507): CodeIgniter\CodeIgniter->runController(Object(App\Controllers\Notifications))
 4 SYSTEMPATH\CodeIgniter.php(354): CodeIgniter\CodeIgniter->handleRequest(null, Object(Config\Cache), false)
 5 SYSTEMPATH\Boot.php(363): CodeIgniter\CodeIgniter->run()
 6 SYSTEMPATH\Boot.php(68): CodeIgniter\Boot::runCodeIgniter(Object(CodeIgniter\CodeIgniter))
 7 FCPATH\index.php(58): CodeIgniter\Boot::bootWeb(Object(Config\Paths))
