CRITICAL - 2025-10-30 16:10:37 --> ParseError: syntax error, unexpected token "return", expecting "case" or "default" or "}"
[Method: GET, Route: logout]
in APPPATH\Controllers\Auth.php on line 96.
 1 SYSTEMPATH\Autoloader\Autoloader.php(295): CodeIgniter\Autoloader\Autoloader->includeFile('C:\\xampp\\htdocs\\ITE311-RAMAS\\app\\Controllers\\Auth.php')
 2 SYSTEMPATH\Autoloader\Autoloader.php(271): CodeIgniter\Autoloader\Autoloader->loadInNamespace('App\\Controllers\\Auth')
 3 [internal function]: CodeIgniter\Autoloader\Autoloader->loadClass('App\\Controllers\\Auth')
 4 SYSTEMPATH\CodeIgniter.php(885): class_exists('\\App\\Controllers\\Auth', true)
 5 SYSTEMPATH\CodeIgniter.php(494): CodeIgniter\CodeIgniter->startController()
 6 SYSTEMPATH\CodeIgniter.php(354): CodeIgniter\CodeIgniter->handleRequest(null, Object(Config\Cache), false)
 7 SYSTEMPATH\Boot.php(363): CodeIgniter\CodeIgniter->run()
 8 SYSTEMPATH\Boot.php(68): CodeIgniter\Boot::runCodeIgniter(Object(CodeIgniter\CodeIgniter))
 9 FCPATH\index.php(58): CodeIgniter\Boot::bootWeb(Object(Config\Paths))
CRITICAL - 2025-10-30 16:10:42 --> ParseError: syntax error, unexpected token "return", expecting "case" or "default" or "}"
[Method: GET, Route: login]
in APPPATH\Controllers\Auth.php on line 96.
 1 SYSTEMPATH\Autoloader\Autoloader.php(295): CodeIgniter\Autoloader\Autoloader->includeFile('C:\\xampp\\htdocs\\ITE311-RAMAS\\app\\Controllers\\Auth.php')
 2 SYSTEMPATH\Autoloader\Autoloader.php(271): CodeIgniter\Autoloader\Autoloader->loadInNamespace('App\\Controllers\\Auth')
 3 [internal function]: CodeIgniter\Autoloader\Autoloader->loadClass('App\\Controllers\\Auth')
 4 SYSTEMPATH\CodeIgniter.php(885): class_exists('\\App\\Controllers\\Auth', true)
 5 SYSTEMPATH\CodeIgniter.php(494): CodeIgniter\CodeIgniter->startController()
 6 SYSTEMPATH\CodeIgniter.php(354): CodeIgniter\CodeIgniter->handleRequest(null, Object(Config\Cache), false)
 7 SYSTEMPATH\Boot.php(363): CodeIgniter\CodeIgniter->run()
 8 SYSTEMPATH\Boot.php(68): CodeIgniter\Boot::runCodeIgniter(Object(CodeIgniter\CodeIgniter))
 9 FCPATH\index.php(58): CodeIgniter\Boot::bootWeb(Object(Config\Paths))
CRITICAL - 2025-10-30 16:10:48 --> ParseError: syntax error, unexpected token "return", expecting "case" or "default" or "}"
[Method: GET, Route: login]
in APPPATH\Controllers\Auth.php on line 96.
 1 SYSTEMPATH\Autoloader\Autoloader.php(295): CodeIgniter\Autoloader\Autoloader->includeFile('C:\\xampp\\htdocs\\ITE311-RAMAS\\app\\Controllers\\Auth.php')
 2 SYSTEMPATH\Autoloader\Autoloader.php(271): CodeIgniter\Autoloader\Autoloader->loadInNamespace('App\\Controllers\\Auth')
 3 [internal function]: CodeIgniter\Autoloader\Autoloader->loadClass('App\\Controllers\\Auth')
 4 SYSTEMPATH\CodeIgniter.php(885): class_exists('\\App\\Controllers\\Auth', true)
 5 SYSTEMPATH\CodeIgniter.php(494): CodeIgniter\CodeIgniter->startController()
 6 SYSTEMPATH\CodeIgniter.php(354): CodeIgniter\CodeIgniter->handleRequest(null, Object(Config\Cache), false)
 7 SYSTEMPATH\Boot.php(363): CodeIgniter\CodeIgniter->run()
 8 SYSTEMPATH\Boot.php(68): CodeIgniter\Boot::runCodeIgniter(Object(CodeIgniter\CodeIgniter))
 9 FCPATH\index.php(58): CodeIgniter\Boot::bootWeb(Object(Config\Paths))
CRITICAL - 2025-10-30 16:17:47 --> Error: Class "App\Models\CourseModel" not found
[Method: GET, Route: dashboard]
in APPPATH\Controllers\Auth.php on line 137.
 1 SYSTEMPATH\CodeIgniter.php(933): App\Controllers\Auth->dashboard()
 2 SYSTEMPATH\CodeIgniter.php(507): CodeIgniter\CodeIgniter->runController(Object(App\Controllers\Auth))
 3 SYSTEMPATH\CodeIgniter.php(354): CodeIgniter\CodeIgniter->handleRequest(null, Object(Config\Cache), false)
 4 SYSTEMPATH\Boot.php(363): CodeIgniter\CodeIgniter->run()
 5 SYSTEMPATH\Boot.php(68): CodeIgniter\Boot::runCodeIgniter(Object(CodeIgniter\CodeIgniter))
 6 FCPATH\index.php(58): CodeIgniter\Boot::bootWeb(Object(Config\Paths))
CRITICAL - 2025-10-30 16:17:56 --> Error: Class "App\Models\CourseModel" not found
[Method: GET, Route: dashboard]
in APPPATH\Controllers\Auth.php on line 137.
 1 SYSTEMPATH\CodeIgniter.php(933): App\Controllers\Auth->dashboard()
 2 SYSTEMPATH\CodeIgniter.php(507): CodeIgniter\CodeIgniter->runController(Object(App\Controllers\Auth))
 3 SYSTEMPATH\CodeIgniter.php(354): CodeIgniter\CodeIgniter->handleRequest(null, Object(Config\Cache), false)
 4 SYSTEMPATH\Boot.php(363): CodeIgniter\CodeIgniter->run()
 5 SYSTEMPATH\Boot.php(68): CodeIgniter\Boot::runCodeIgniter(Object(CodeIgniter\CodeIgniter))
 6 FCPATH\index.php(58): CodeIgniter\Boot::bootWeb(Object(Config\Paths))
CRITICAL - 2025-10-30 16:22:58 --> Error: Class "App\Models\CourseModel" not found
[Method: GET, Route: dashboard]
in APPPATH\Controllers\Auth.php on line 139.
 1 SYSTEMPATH\CodeIgniter.php(933): App\Controllers\Auth->dashboard()
 2 SYSTEMPATH\CodeIgniter.php(507): CodeIgniter\CodeIgniter->runController(Object(App\Controllers\Auth))
 3 SYSTEMPATH\CodeIgniter.php(354): CodeIgniter\CodeIgniter->handleRequest(null, Object(Config\Cache), false)
 4 SYSTEMPATH\Boot.php(363): CodeIgniter\CodeIgniter->run()
 5 SYSTEMPATH\Boot.php(68): CodeIgniter\Boot::runCodeIgniter(Object(CodeIgniter\CodeIgniter))
 6 FCPATH\index.php(58): CodeIgniter\Boot::bootWeb(Object(Config\Paths))
CRITICAL - 2025-10-30 16:49:18 --> Error: Class "App\Models\CourseModel" not found
[Method: GET, Route: dashboard]
in APPPATH\Controllers\Auth.php on line 146.
 1 SYSTEMPATH\CodeIgniter.php(933): App\Controllers\Auth->dashboard()
 2 SYSTEMPATH\CodeIgniter.php(507): CodeIgniter\CodeIgniter->runController(Object(App\Controllers\Auth))
 3 SYSTEMPATH\CodeIgniter.php(354): CodeIgniter\CodeIgniter->handleRequest(null, Object(Config\Cache), false)
 4 SYSTEMPATH\Boot.php(363): CodeIgniter\CodeIgniter->run()
 5 SYSTEMPATH\Boot.php(68): CodeIgniter\Boot::runCodeIgniter(Object(CodeIgniter\CodeIgniter))
 6 FCPATH\index.php(58): CodeIgniter\Boot::bootWeb(Object(Config\Paths))
CRITICAL - 2025-10-30 16:49:36 --> Error: Class "App\Models\CourseModel" not found
[Method: GET, Route: dashboard]
in APPPATH\Controllers\Auth.php on line 146.
 1 SYSTEMPATH\CodeIgniter.php(933): App\Controllers\Auth->dashboard()
 2 SYSTEMPATH\CodeIgniter.php(507): CodeIgniter\CodeIgniter->runController(Object(App\Controllers\Auth))
 3 SYSTEMPATH\CodeIgniter.php(354): CodeIgniter\CodeIgniter->handleRequest(null, Object(Config\Cache), false)
 4 SYSTEMPATH\Boot.php(363): CodeIgniter\CodeIgniter->run()
 5 SYSTEMPATH\Boot.php(68): CodeIgniter\Boot::runCodeIgniter(Object(CodeIgniter\CodeIgniter))
 6 FCPATH\index.php(58): CodeIgniter\Boot::bootWeb(Object(Config\Paths))
