ERROR - 2025-11-18 13:14:28 --> mysqli_sql_exception: Unknown column 'enrollments.id' in 'field list' in C:\xampp\htdocs\ITE311-RAMAS\system\Database\MySQLi\Connection.php:327
Stack trace:
#0 C:\xampp\htdocs\ITE311-RAMAS\system\Database\MySQLi\Connection.php(327): mysqli->query('SELECT `enrollm...', 0)
#1 C:\xampp\htdocs\ITE311-RAMAS\system\Database\BaseConnection.php(729): CodeIgniter\Database\MySQLi\Connection->execute('SELECT `enrollm...')
#2 C:\xampp\htdocs\ITE311-RAMAS\system\Database\BaseConnection.php(646): CodeIgniter\Database\BaseConnection->simpleQuery('SELECT `enrollm...')
#3 C:\xampp\htdocs\ITE311-RAMAS\system\Database\BaseBuilder.php(1649): CodeIgniter\Database\BaseConnection->query('SELECT `enrollm...', Array, false)
#4 C:\xampp\htdocs\ITE311-RAMAS\system\Model.php(286): CodeIgniter\Database\BaseBuilder->get()
#5 C:\xampp\htdocs\ITE311-RAMAS\system\BaseModel.php(677): CodeIgniter\Model->doFindAll(0, 0)
#6 C:\xampp\htdocs\ITE311-RAMAS\app\Models\EnrollmentModel.php(65): CodeIgniter\BaseModel->findAll()
#7 C:\xampp\htdocs\ITE311-RAMAS\app\Controllers\Dashboard.php(47): App\Models\EnrollmentModel->getUserEnrollments(1)
#8 C:\xampp\htdocs\ITE311-RAMAS\system\CodeIgniter.php(933): App\Controllers\Dashboard->index()
#9 C:\xampp\htdocs\ITE311-RAMAS\system\CodeIgniter.php(507): CodeIgniter\CodeIgniter->runController(Object(App\Controllers\Dashboard))
#10 C:\xampp\htdocs\ITE311-RAMAS\system\CodeIgniter.php(354): CodeIgniter\CodeIgniter->handleRequest(NULL, Object(Config\Cache), false)
#11 C:\xampp\htdocs\ITE311-RAMAS\system\Boot.php(363): CodeIgniter\CodeIgniter->run()
#12 C:\xampp\htdocs\ITE311-RAMAS\system\Boot.php(68): CodeIgniter\Boot::runCodeIgniter(Object(CodeIgniter\CodeIgniter))
#13 C:\xampp\htdocs\ITE311-RAMAS\index.php(58): CodeIgniter\Boot::bootWeb(Object(Config\Paths))
#14 {main}
CRITICAL - 2025-11-18 13:14:28 --> Error: Call to a member function getResult() on bool
[Method: GET, Route: dashboard]
in SYSTEMPATH\Model.php on line 287.
 1 SYSTEMPATH\BaseModel.php(677): CodeIgniter\Model->doFindAll(0, 0)
 2 APPPATH\Models\EnrollmentModel.php(65): CodeIgniter\BaseModel->findAll()
 3 APPPATH\Controllers\Dashboard.php(47): App\Models\EnrollmentModel->getUserEnrollments(1)
 4 SYSTEMPATH\CodeIgniter.php(933): App\Controllers\Dashboard->index()
 5 SYSTEMPATH\CodeIgniter.php(507): CodeIgniter\CodeIgniter->runController(Object(App\Controllers\Dashboard))
 6 SYSTEMPATH\CodeIgniter.php(354): CodeIgniter\CodeIgniter->handleRequest(null, Object(Config\Cache), false)
 7 SYSTEMPATH\Boot.php(363): CodeIgniter\CodeIgniter->run()
 8 SYSTEMPATH\Boot.php(68): CodeIgniter\Boot::runCodeIgniter(Object(CodeIgniter\CodeIgniter))
 9 FCPATH\index.php(58): CodeIgniter\Boot::bootWeb(Object(Config\Paths))
ERROR - 2025-11-18 13:14:29 --> mysqli_sql_exception: Unknown column 'enrollments.id' in 'field list' in C:\xampp\htdocs\ITE311-RAMAS\system\Database\MySQLi\Connection.php:327
Stack trace:
#0 C:\xampp\htdocs\ITE311-RAMAS\system\Database\MySQLi\Connection.php(327): mysqli->query('SELECT `enrollm...', 0)
#1 C:\xampp\htdocs\ITE311-RAMAS\system\Database\BaseConnection.php(729): CodeIgniter\Database\MySQLi\Connection->execute('SELECT `enrollm...')
#2 C:\xampp\htdocs\ITE311-RAMAS\system\Database\BaseConnection.php(646): CodeIgniter\Database\BaseConnection->simpleQuery('SELECT `enrollm...')
#3 C:\xampp\htdocs\ITE311-RAMAS\system\Database\BaseBuilder.php(1649): CodeIgniter\Database\BaseConnection->query('SELECT `enrollm...', Array, false)
#4 C:\xampp\htdocs\ITE311-RAMAS\system\Model.php(286): CodeIgniter\Database\BaseBuilder->get()
#5 C:\xampp\htdocs\ITE311-RAMAS\system\BaseModel.php(677): CodeIgniter\Model->doFindAll(0, 0)
#6 C:\xampp\htdocs\ITE311-RAMAS\app\Models\EnrollmentModel.php(65): CodeIgniter\BaseModel->findAll()
#7 C:\xampp\htdocs\ITE311-RAMAS\app\Controllers\Dashboard.php(47): App\Models\EnrollmentModel->getUserEnrollments(1)
#8 C:\xampp\htdocs\ITE311-RAMAS\system\CodeIgniter.php(933): App\Controllers\Dashboard->index()
#9 C:\xampp\htdocs\ITE311-RAMAS\system\CodeIgniter.php(507): CodeIgniter\CodeIgniter->runController(Object(App\Controllers\Dashboard))
#10 C:\xampp\htdocs\ITE311-RAMAS\system\CodeIgniter.php(354): CodeIgniter\CodeIgniter->handleRequest(NULL, Object(Config\Cache), false)
#11 C:\xampp\htdocs\ITE311-RAMAS\system\Boot.php(363): CodeIgniter\CodeIgniter->run()
#12 C:\xampp\htdocs\ITE311-RAMAS\system\Boot.php(68): CodeIgniter\Boot::runCodeIgniter(Object(CodeIgniter\CodeIgniter))
#13 C:\xampp\htdocs\ITE311-RAMAS\index.php(58): CodeIgniter\Boot::bootWeb(Object(Config\Paths))
#14 {main}
CRITICAL - 2025-11-18 13:14:29 --> Error: Call to a member function getResult() on bool
[Method: GET, Route: dashboard]
in SYSTEMPATH\Model.php on line 287.
 1 SYSTEMPATH\BaseModel.php(677): CodeIgniter\Model->doFindAll(0, 0)
 2 APPPATH\Models\EnrollmentModel.php(65): CodeIgniter\BaseModel->findAll()
 3 APPPATH\Controllers\Dashboard.php(47): App\Models\EnrollmentModel->getUserEnrollments(1)
 4 SYSTEMPATH\CodeIgniter.php(933): App\Controllers\Dashboard->index()
 5 SYSTEMPATH\CodeIgniter.php(507): CodeIgniter\CodeIgniter->runController(Object(App\Controllers\Dashboard))
 6 SYSTEMPATH\CodeIgniter.php(354): CodeIgniter\CodeIgniter->handleRequest(null, Object(Config\Cache), false)
 7 SYSTEMPATH\Boot.php(363): CodeIgniter\CodeIgniter->run()
 8 SYSTEMPATH\Boot.php(68): CodeIgniter\Boot::runCodeIgniter(Object(CodeIgniter\CodeIgniter))
 9 FCPATH\index.php(58): CodeIgniter\Boot::bootWeb(Object(Config\Paths))
ERROR - 2025-11-18 13:14:30 --> mysqli_sql_exception: Unknown column 'enrollments.id' in 'field list' in C:\xampp\htdocs\ITE311-RAMAS\system\Database\MySQLi\Connection.php:327
Stack trace:
#0 C:\xampp\htdocs\ITE311-RAMAS\system\Database\MySQLi\Connection.php(327): mysqli->query('SELECT `enrollm...', 0)
#1 C:\xampp\htdocs\ITE311-RAMAS\system\Database\BaseConnection.php(729): CodeIgniter\Database\MySQLi\Connection->execute('SELECT `enrollm...')
#2 C:\xampp\htdocs\ITE311-RAMAS\system\Database\BaseConnection.php(646): CodeIgniter\Database\BaseConnection->simpleQuery('SELECT `enrollm...')
#3 C:\xampp\htdocs\ITE311-RAMAS\system\Database\BaseBuilder.php(1649): CodeIgniter\Database\BaseConnection->query('SELECT `enrollm...', Array, false)
#4 C:\xampp\htdocs\ITE311-RAMAS\system\Model.php(286): CodeIgniter\Database\BaseBuilder->get()
#5 C:\xampp\htdocs\ITE311-RAMAS\system\BaseModel.php(677): CodeIgniter\Model->doFindAll(0, 0)
#6 C:\xampp\htdocs\ITE311-RAMAS\app\Models\EnrollmentModel.php(65): CodeIgniter\BaseModel->findAll()
#7 C:\xampp\htdocs\ITE311-RAMAS\app\Controllers\Dashboard.php(47): App\Models\EnrollmentModel->getUserEnrollments(1)
#8 C:\xampp\htdocs\ITE311-RAMAS\system\CodeIgniter.php(933): App\Controllers\Dashboard->index()
#9 C:\xampp\htdocs\ITE311-RAMAS\system\CodeIgniter.php(507): CodeIgniter\CodeIgniter->runController(Object(App\Controllers\Dashboard))
#10 C:\xampp\htdocs\ITE311-RAMAS\system\CodeIgniter.php(354): CodeIgniter\CodeIgniter->handleRequest(NULL, Object(Config\Cache), false)
#11 C:\xampp\htdocs\ITE311-RAMAS\system\Boot.php(363): CodeIgniter\CodeIgniter->run()
#12 C:\xampp\htdocs\ITE311-RAMAS\system\Boot.php(68): CodeIgniter\Boot::runCodeIgniter(Object(CodeIgniter\CodeIgniter))
#13 C:\xampp\htdocs\ITE311-RAMAS\index.php(58): CodeIgniter\Boot::bootWeb(Object(Config\Paths))
#14 {main}
CRITICAL - 2025-11-18 13:14:30 --> Error: Call to a member function getResult() on bool
[Method: GET, Route: dashboard]
in SYSTEMPATH\Model.php on line 287.
 1 SYSTEMPATH\BaseModel.php(677): CodeIgniter\Model->doFindAll(0, 0)
 2 APPPATH\Models\EnrollmentModel.php(65): CodeIgniter\BaseModel->findAll()
 3 APPPATH\Controllers\Dashboard.php(47): App\Models\EnrollmentModel->getUserEnrollments(1)
 4 SYSTEMPATH\CodeIgniter.php(933): App\Controllers\Dashboard->index()
 5 SYSTEMPATH\CodeIgniter.php(507): CodeIgniter\CodeIgniter->runController(Object(App\Controllers\Dashboard))
 6 SYSTEMPATH\CodeIgniter.php(354): CodeIgniter\CodeIgniter->handleRequest(null, Object(Config\Cache), false)
 7 SYSTEMPATH\Boot.php(363): CodeIgniter\CodeIgniter->run()
 8 SYSTEMPATH\Boot.php(68): CodeIgniter\Boot::runCodeIgniter(Object(CodeIgniter\CodeIgniter))
 9 FCPATH\index.php(58): CodeIgniter\Boot::bootWeb(Object(Config\Paths))
ERROR - 2025-11-18 13:14:31 --> mysqli_sql_exception: Unknown column 'enrollments.id' in 'field list' in C:\xampp\htdocs\ITE311-RAMAS\system\Database\MySQLi\Connection.php:327
Stack trace:
#0 C:\xampp\htdocs\ITE311-RAMAS\system\Database\MySQLi\Connection.php(327): mysqli->query('SELECT `enrollm...', 0)
#1 C:\xampp\htdocs\ITE311-RAMAS\system\Database\BaseConnection.php(729): CodeIgniter\Database\MySQLi\Connection->execute('SELECT `enrollm...')
#2 C:\xampp\htdocs\ITE311-RAMAS\system\Database\BaseConnection.php(646): CodeIgniter\Database\BaseConnection->simpleQuery('SELECT `enrollm...')
#3 C:\xampp\htdocs\ITE311-RAMAS\system\Database\BaseBuilder.php(1649): CodeIgniter\Database\BaseConnection->query('SELECT `enrollm...', Array, false)
#4 C:\xampp\htdocs\ITE311-RAMAS\system\Model.php(286): CodeIgniter\Database\BaseBuilder->get()
#5 C:\xampp\htdocs\ITE311-RAMAS\system\BaseModel.php(677): CodeIgniter\Model->doFindAll(0, 0)
#6 C:\xampp\htdocs\ITE311-RAMAS\app\Models\EnrollmentModel.php(65): CodeIgniter\BaseModel->findAll()
#7 C:\xampp\htdocs\ITE311-RAMAS\app\Controllers\Dashboard.php(47): App\Models\EnrollmentModel->getUserEnrollments(1)
#8 C:\xampp\htdocs\ITE311-RAMAS\system\CodeIgniter.php(933): App\Controllers\Dashboard->index()
#9 C:\xampp\htdocs\ITE311-RAMAS\system\CodeIgniter.php(507): CodeIgniter\CodeIgniter->runController(Object(App\Controllers\Dashboard))
#10 C:\xampp\htdocs\ITE311-RAMAS\system\CodeIgniter.php(354): CodeIgniter\CodeIgniter->handleRequest(NULL, Object(Config\Cache), false)
#11 C:\xampp\htdocs\ITE311-RAMAS\system\Boot.php(363): CodeIgniter\CodeIgniter->run()
#12 C:\xampp\htdocs\ITE311-RAMAS\system\Boot.php(68): CodeIgniter\Boot::runCodeIgniter(Object(CodeIgniter\CodeIgniter))
#13 C:\xampp\htdocs\ITE311-RAMAS\index.php(58): CodeIgniter\Boot::bootWeb(Object(Config\Paths))
#14 {main}
CRITICAL - 2025-11-18 13:14:31 --> Error: Call to a member function getResult() on bool
[Method: GET, Route: dashboard]
in SYSTEMPATH\Model.php on line 287.
 1 SYSTEMPATH\BaseModel.php(677): CodeIgniter\Model->doFindAll(0, 0)
 2 APPPATH\Models\EnrollmentModel.php(65): CodeIgniter\BaseModel->findAll()
 3 APPPATH\Controllers\Dashboard.php(47): App\Models\EnrollmentModel->getUserEnrollments(1)
 4 SYSTEMPATH\CodeIgniter.php(933): App\Controllers\Dashboard->index()
 5 SYSTEMPATH\CodeIgniter.php(507): CodeIgniter\CodeIgniter->runController(Object(App\Controllers\Dashboard))
 6 SYSTEMPATH\CodeIgniter.php(354): CodeIgniter\CodeIgniter->handleRequest(null, Object(Config\Cache), false)
 7 SYSTEMPATH\Boot.php(363): CodeIgniter\CodeIgniter->run()
 8 SYSTEMPATH\Boot.php(68): CodeIgniter\Boot::runCodeIgniter(Object(CodeIgniter\CodeIgniter))
 9 FCPATH\index.php(58): CodeIgniter\Boot::bootWeb(Object(Config\Paths))
ERROR - 2025-11-18 13:14:47 --> mysqli_sql_exception: Unknown column 'enrollments.id' in 'field list' in C:\xampp\htdocs\ITE311-RAMAS\system\Database\MySQLi\Connection.php:327
Stack trace:
#0 C:\xampp\htdocs\ITE311-RAMAS\system\Database\MySQLi\Connection.php(327): mysqli->query('SELECT `enrollm...', 0)
#1 C:\xampp\htdocs\ITE311-RAMAS\system\Database\BaseConnection.php(729): CodeIgniter\Database\MySQLi\Connection->execute('SELECT `enrollm...')
#2 C:\xampp\htdocs\ITE311-RAMAS\system\Database\BaseConnection.php(646): CodeIgniter\Database\BaseConnection->simpleQuery('SELECT `enrollm...')
#3 C:\xampp\htdocs\ITE311-RAMAS\system\Database\BaseBuilder.php(1649): CodeIgniter\Database\BaseConnection->query('SELECT `enrollm...', Array, false)
#4 C:\xampp\htdocs\ITE311-RAMAS\system\Model.php(286): CodeIgniter\Database\BaseBuilder->get()
#5 C:\xampp\htdocs\ITE311-RAMAS\system\BaseModel.php(677): CodeIgniter\Model->doFindAll(0, 0)
#6 C:\xampp\htdocs\ITE311-RAMAS\app\Models\EnrollmentModel.php(65): CodeIgniter\BaseModel->findAll()
#7 C:\xampp\htdocs\ITE311-RAMAS\app\Controllers\Dashboard.php(47): App\Models\EnrollmentModel->getUserEnrollments(1)
#8 C:\xampp\htdocs\ITE311-RAMAS\system\CodeIgniter.php(933): App\Controllers\Dashboard->index()
#9 C:\xampp\htdocs\ITE311-RAMAS\system\CodeIgniter.php(507): CodeIgniter\CodeIgniter->runController(Object(App\Controllers\Dashboard))
#10 C:\xampp\htdocs\ITE311-RAMAS\system\CodeIgniter.php(354): CodeIgniter\CodeIgniter->handleRequest(NULL, Object(Config\Cache), false)
#11 C:\xampp\htdocs\ITE311-RAMAS\system\Boot.php(363): CodeIgniter\CodeIgniter->run()
#12 C:\xampp\htdocs\ITE311-RAMAS\system\Boot.php(68): CodeIgniter\Boot::runCodeIgniter(Object(CodeIgniter\CodeIgniter))
#13 C:\xampp\htdocs\ITE311-RAMAS\index.php(58): CodeIgniter\Boot::bootWeb(Object(Config\Paths))
#14 {main}
CRITICAL - 2025-11-18 13:14:47 --> Error: Call to a member function getResult() on bool
[Method: GET, Route: dashboard]
in SYSTEMPATH\Model.php on line 287.
 1 SYSTEMPATH\BaseModel.php(677): CodeIgniter\Model->doFindAll(0, 0)
 2 APPPATH\Models\EnrollmentModel.php(65): CodeIgniter\BaseModel->findAll()
 3 APPPATH\Controllers\Dashboard.php(47): App\Models\EnrollmentModel->getUserEnrollments(1)
 4 SYSTEMPATH\CodeIgniter.php(933): App\Controllers\Dashboard->index()
 5 SYSTEMPATH\CodeIgniter.php(507): CodeIgniter\CodeIgniter->runController(Object(App\Controllers\Dashboard))
 6 SYSTEMPATH\CodeIgniter.php(354): CodeIgniter\CodeIgniter->handleRequest(null, Object(Config\Cache), false)
 7 SYSTEMPATH\Boot.php(363): CodeIgniter\CodeIgniter->run()
 8 SYSTEMPATH\Boot.php(68): CodeIgniter\Boot::runCodeIgniter(Object(CodeIgniter\CodeIgniter))
 9 FCPATH\index.php(58): CodeIgniter\Boot::bootWeb(Object(Config\Paths))
ERROR - 2025-11-18 13:14:54 --> mysqli_sql_exception: Unknown column 'enrollments.id' in 'field list' in C:\xampp\htdocs\ITE311-RAMAS\system\Database\MySQLi\Connection.php:327
Stack trace:
#0 C:\xampp\htdocs\ITE311-RAMAS\system\Database\MySQLi\Connection.php(327): mysqli->query('SELECT `enrollm...', 0)
#1 C:\xampp\htdocs\ITE311-RAMAS\system\Database\BaseConnection.php(729): CodeIgniter\Database\MySQLi\Connection->execute('SELECT `enrollm...')
#2 C:\xampp\htdocs\ITE311-RAMAS\system\Database\BaseConnection.php(646): CodeIgniter\Database\BaseConnection->simpleQuery('SELECT `enrollm...')
#3 C:\xampp\htdocs\ITE311-RAMAS\system\Database\BaseBuilder.php(1649): CodeIgniter\Database\BaseConnection->query('SELECT `enrollm...', Array, false)
#4 C:\xampp\htdocs\ITE311-RAMAS\system\Model.php(286): CodeIgniter\Database\BaseBuilder->get()
#5 C:\xampp\htdocs\ITE311-RAMAS\system\BaseModel.php(677): CodeIgniter\Model->doFindAll(0, 0)
#6 C:\xampp\htdocs\ITE311-RAMAS\app\Models\EnrollmentModel.php(65): CodeIgniter\BaseModel->findAll()
#7 C:\xampp\htdocs\ITE311-RAMAS\app\Controllers\Dashboard.php(47): App\Models\EnrollmentModel->getUserEnrollments(1)
#8 C:\xampp\htdocs\ITE311-RAMAS\system\CodeIgniter.php(933): App\Controllers\Dashboard->index()
#9 C:\xampp\htdocs\ITE311-RAMAS\system\CodeIgniter.php(507): CodeIgniter\CodeIgniter->runController(Object(App\Controllers\Dashboard))
#10 C:\xampp\htdocs\ITE311-RAMAS\system\CodeIgniter.php(354): CodeIgniter\CodeIgniter->handleRequest(NULL, Object(Config\Cache), false)
#11 C:\xampp\htdocs\ITE311-RAMAS\system\Boot.php(363): CodeIgniter\CodeIgniter->run()
#12 C:\xampp\htdocs\ITE311-RAMAS\system\Boot.php(68): CodeIgniter\Boot::runCodeIgniter(Object(CodeIgniter\CodeIgniter))
#13 C:\xampp\htdocs\ITE311-RAMAS\index.php(58): CodeIgniter\Boot::bootWeb(Object(Config\Paths))
#14 {main}
CRITICAL - 2025-11-18 13:14:54 --> Error: Call to a member function getResult() on bool
[Method: GET, Route: dashboard]
in SYSTEMPATH\Model.php on line 287.
 1 SYSTEMPATH\BaseModel.php(677): CodeIgniter\Model->doFindAll(0, 0)
 2 APPPATH\Models\EnrollmentModel.php(65): CodeIgniter\BaseModel->findAll()
 3 APPPATH\Controllers\Dashboard.php(47): App\Models\EnrollmentModel->getUserEnrollments(1)
 4 SYSTEMPATH\CodeIgniter.php(933): App\Controllers\Dashboard->index()
 5 SYSTEMPATH\CodeIgniter.php(507): CodeIgniter\CodeIgniter->runController(Object(App\Controllers\Dashboard))
 6 SYSTEMPATH\CodeIgniter.php(354): CodeIgniter\CodeIgniter->handleRequest(null, Object(Config\Cache), false)
 7 SYSTEMPATH\Boot.php(363): CodeIgniter\CodeIgniter->run()
 8 SYSTEMPATH\Boot.php(68): CodeIgniter\Boot::runCodeIgniter(Object(CodeIgniter\CodeIgniter))
 9 FCPATH\index.php(58): CodeIgniter\Boot::bootWeb(Object(Config\Paths))
